This is XeTeX, Version 3.14159265-2.6-0.99999 (MiKTeX 2.9.6630 64-bit) (preloaded format=xelatex 2018.8.4)  1 SEP 2018 17:29
entering extended mode
**./Chapter8.tex
(Chapter8.tex
LaTeX2e <2017-04-15>
Babel <3.18> and hyphenation patterns for 75 language(s) loaded.
("D:\System Files\MiKTeX 2.9\tex\latex\ctex\ctexbeamer.cls"
(C:\Users\Li\AppData\Roaming\MiKTeX\2.9\tex\latex\l3kernel\expl3.sty
Package: expl3 2018-06-01 L3 programming layer (loader) 

(C:\Users\Li\AppData\Roaming\MiKTeX\2.9\tex\latex\l3kernel\expl3-code.tex
Package: expl3 2018-06-01 L3 programming layer (code)
\c_max_int=\count79
\l_tmpa_int=\count80
\l_tmpb_int=\count81
\g_tmpa_int=\count82
\g_tmpb_int=\count83
\g__kernel_prg_map_int=\count84
\c_log_iow=\count85
\l_iow_line_count_int=\count86
\l__iow_line_target_int=\count87
\l__iow_one_indent_int=\count88
\l__iow_indent_int=\count89
\c_zero_dim=\dimen102
\c_max_dim=\dimen103
\l_tmpa_dim=\dimen104
\l_tmpb_dim=\dimen105
\g_tmpa_dim=\dimen106
\g_tmpb_dim=\dimen107
\c_zero_skip=\skip41
\c_max_skip=\skip42
\l_tmpa_skip=\skip43
\l_tmpb_skip=\skip44
\g_tmpa_skip=\skip45
\g_tmpb_skip=\skip46
\c_zero_muskip=\muskip10
\c_max_muskip=\muskip11
\l_tmpa_muskip=\muskip12
\l_tmpb_muskip=\muskip13
\g_tmpa_muskip=\muskip14
\g_tmpb_muskip=\muskip15
\l_keys_choice_int=\count90
\l__intarray_loop_int=\count91
\c__intarray_sp_dim=\dimen108
\g__intarray_font_int=\count92
\c__fp_leading_shift_int=\count93
\c__fp_middle_shift_int=\count94
\c__fp_trailing_shift_int=\count95
\c__fp_big_leading_shift_int=\count96
\c__fp_big_middle_shift_int=\count97
\c__fp_big_trailing_shift_int=\count98
\c__fp_Bigg_leading_shift_int=\count99
\c__fp_Bigg_middle_shift_int=\count100
\c__fp_Bigg_trailing_shift_int=\count101
\g__fp_array_int=\count102
\l__fp_array_loop_int=\count103
\l__sort_length_int=\count104
\l__sort_min_int=\count105
\l__sort_top_int=\count106
\l__sort_max_int=\count107
\l__sort_true_max_int=\count108
\l__sort_block_int=\count109
\l__sort_begin_int=\count110
\l__sort_end_int=\count111
\l__sort_A_int=\count112
\l__sort_B_int=\count113
\l__sort_C_int=\count114
\l__tl_analysis_normal_int=\count115
\l__tl_analysis_index_int=\count116
\l__tl_analysis_nesting_int=\count117
\l__tl_analysis_type_int=\count118
\l__regex_internal_a_int=\count119
\l__regex_internal_b_int=\count120
\l__regex_internal_c_int=\count121
\l__regex_balance_int=\count122
\l__regex_group_level_int=\count123
\l__regex_mode_int=\count124
\c__regex_cs_in_class_mode_int=\count125
\c__regex_cs_mode_int=\count126
\l__regex_catcodes_int=\count127
\l__regex_default_catcodes_int=\count128
\c__regex_catcode_L_int=\count129
\c__regex_catcode_O_int=\count130
\c__regex_catcode_A_int=\count131
\c__regex_all_catcodes_int=\count132
\l__regex_show_lines_int=\count133
\l__regex_min_state_int=\count134
\l__regex_max_state_int=\count135
\l__regex_left_state_int=\count136
\l__regex_right_state_int=\count137
\l__regex_capturing_group_int=\count138
\l__regex_min_pos_int=\count139
\l__regex_max_pos_int=\count140
\l__regex_curr_pos_int=\count141
\l__regex_start_pos_int=\count142
\l__regex_success_pos_int=\count143
\l__regex_curr_char_int=\count144
\l__regex_curr_catcode_int=\count145
\l__regex_last_char_int=\count146
\l__regex_case_changed_char_int=\count147
\l__regex_curr_state_int=\count148
\l__regex_step_int=\count149
\l__regex_min_active_int=\count150
\l__regex_max_active_int=\count151
\l__regex_replacement_csnames_int=\count152
\l__regex_match_count_int=\count153
\l__regex_min_submatch_int=\count154
\l__regex_submatch_int=\count155
\l__regex_zeroth_submatch_int=\count156
\g__regex_trace_regex_int=\count157
\c_empty_box=\box26
\l_tmpa_box=\box27
\l_tmpb_box=\box28
\g_tmpa_box=\box29
\g_tmpb_box=\box30
\l__box_top_dim=\dimen109
\l__box_bottom_dim=\dimen110
\l__box_left_dim=\dimen111
\l__box_right_dim=\dimen112
\l__box_top_new_dim=\dimen113
\l__box_bottom_new_dim=\dimen114
\l__box_left_new_dim=\dimen115
\l__box_right_new_dim=\dimen116
\l__box_internal_box=\box31
\l__coffin_internal_box=\box32
\l__coffin_internal_dim=\dimen117
\l__coffin_offset_x_dim=\dimen118
\l__coffin_offset_y_dim=\dimen119
\l__coffin_x_dim=\dimen120
\l__coffin_y_dim=\dimen121
\l__coffin_x_prime_dim=\dimen122
\l__coffin_y_prime_dim=\dimen123
\c_empty_coffin=\box33
\l__coffin_aligned_coffin=\box34
\l__coffin_aligned_internal_coffin=\box35
\l_tmpa_coffin=\box36
\l_tmpb_coffin=\box37
\l__coffin_display_coffin=\box38
\l__coffin_display_coord_coffin=\box39
\l__coffin_display_pole_coffin=\box40
\l__coffin_display_offset_dim=\dimen124
\l__coffin_display_x_dim=\dimen125
\l__coffin_display_y_dim=\dimen126
\g__file_internal_ior=\read1
\l__coffin_bounding_shift_dim=\dimen127
\l__coffin_left_corner_dim=\dimen128
\l__coffin_right_corner_dim=\dimen129
\l__coffin_bottom_corner_dim=\dimen130
\l__coffin_top_corner_dim=\dimen131
\l__coffin_scaled_total_height_dim=\dimen132
\l__coffin_scaled_width_dim=\dimen133
)
(C:\Users\Li\AppData\Roaming\MiKTeX\2.9\tex\latex\l3kernel\l3xdvipdfmx.def
File: l3xdvidpfmx.def 2018-06-01 v L3 Experimental driver: xdvipdfmx
\g__driver_image_int=\count158
))
Document Class: ctexbeamer 2018/05/02 v2.4.14 Chinese adapter for class beamer 
(CTEX)
(C:\Users\Li\AppData\Roaming\MiKTeX\2.9\tex\latex\l3packages\xparse\xparse.sty
Package: xparse 2018-05-12 L3 Experimental document command parser
\l__xparse_current_arg_int=\count159
\g__xparse_grabber_int=\count160
\l__xparse_m_args_int=\count161
\l__xparse_mandatory_args_int=\count162
\l__xparse_v_nesting_int=\count163
)
(C:\Users\Li\AppData\Roaming\MiKTeX\2.9\tex\latex\l3packages\l3keys2e\l3keys2e.
sty
Package: l3keys2e 2018-05-12 LaTeX2e option processing using LaTeX3 keys
) ("D:\System Files\MiKTeX 2.9\tex\latex\ctex\ctexhook.sty"
Package: ctexhook 2018/05/02 v2.4.14 Document and package hooks (CTEX)
)
("D:\System Files\MiKTeX 2.9\tex\latex\ctex\ctexpatch.sty"
Package: ctexpatch 2018/05/02 v2.4.14 Patching commands (CTEX)
)
("D:\System Files\MiKTeX 2.9\tex\latex\base\fix-cm.sty"
Package: fix-cm 2015/01/14 v1.1t fixes to LaTeX

("D:\System Files\MiKTeX 2.9\tex\latex\base\ts1enc.def"
File: ts1enc.def 2001/06/05 v3.0e (jk/car/fm) Standard LaTeX file
))
(C:\Users\Li\AppData\Roaming\MiKTeX\2.9\tex\latex\ms\everysel.sty
Package: everysel 2011/10/28 v1.2 EverySelectfont Package (MS)
)
\l__ctex_tmp_int=\count164
\l__ctex_tmp_box=\box41
\l__ctex_tmp_dim=\dimen134
\g__ctex_font_size_flag=\count165

("D:\System Files\MiKTeX 2.9\tex\latex\ctex\config\ctexopts.cfg"
File: ctexopts.cfg 2018/05/02 v2.4.14 Option configuration file (CTEX)
)
(C:\Users\Li\AppData\Roaming\MiKTeX\2.9\tex\latex\beamer\beamer.cls
Document Class: beamer 2018/02/20 v3.50 A class for typesetting presentations
(C:\Users\Li\AppData\Roaming\MiKTeX\2.9\tex\latex\beamer\beamerbasemodes.sty
(C:\Users\Li\AppData\Roaming\MiKTeX\2.9\tex\latex\etoolbox\etoolbox.sty
Package: etoolbox 2018/02/11 v2.5e e-TeX tools for LaTeX (JAW)
\etb@tempcnta=\count166
)
\beamer@tempbox=\box42
\beamer@tempcount=\count167
\c@beamerpauses=\count168

(C:\Users\Li\AppData\Roaming\MiKTeX\2.9\tex\latex\beamer\beamerbasedecode.sty
\beamer@slideinframe=\count169
\beamer@minimum=\count170
)
\beamer@commentbox=\box43
\beamer@modecount=\count171
) ("D:\System Files\MiKTeX 2.9\tex\generic\oberdiek\ifpdf.sty"
Package: ifpdf 2017/03/15 v3.2 Provides the ifpdf switch
)
\headdp=\dimen135
\footheight=\dimen136
\sidebarheight=\dimen137
\beamer@tempdim=\dimen138
\beamer@finalheight=\dimen139
\beamer@animht=\dimen140
\beamer@animdp=\dimen141
\beamer@animwd=\dimen142
\beamer@leftmargin=\dimen143
\beamer@rightmargin=\dimen144
\beamer@leftsidebar=\dimen145
\beamer@rightsidebar=\dimen146
\beamer@boxsize=\dimen147
\beamer@vboxoffset=\dimen148
\beamer@descdefault=\dimen149
\beamer@descriptionwidth=\dimen150
\beamer@lastskip=\skip47
\beamer@areabox=\box44
\beamer@animcurrent=\box45
\beamer@animshowbox=\box46
\beamer@sectionbox=\box47
\beamer@logobox=\box48
\beamer@linebox=\box49
\beamer@sectioncount=\count172
\beamer@subsubsectionmax=\count173
\beamer@subsectionmax=\count174
\beamer@sectionmax=\count175
\beamer@totalheads=\count176
\beamer@headcounter=\count177
\beamer@partstartpage=\count178
\beamer@sectionstartpage=\count179
\beamer@subsectionstartpage=\count180
\beamer@animationtempa=\count181
\beamer@animationtempb=\count182
\beamer@xpos=\count183
\beamer@ypos=\count184
\beamer@ypos@offset=\count185
\beamer@showpartnumber=\count186
\beamer@currentsubsection=\count187
\beamer@coveringdepth=\count188
\beamer@sectionadjust=\count189
\beamer@tocsectionnumber=\count190

(C:\Users\Li\AppData\Roaming\MiKTeX\2.9\tex\latex\beamer\beamerbaseoptions.sty
("D:\System Files\MiKTeX 2.9\tex\latex\graphics\keyval.sty"
Package: keyval 2014/10/28 v1.15 key=value parser (DPC)
\KV@toks@=\toks14
))
\beamer@paperwidth=\skip48
\beamer@paperheight=\skip49

("D:\System Files\MiKTeX 2.9\tex\latex\geometry\geometry.sty"
Package: geometry 2010/09/12 v5.6 Page Geometry

("D:\System Files\MiKTeX 2.9\tex\generic\oberdiek\ifvtex.sty"
Package: ifvtex 2016/05/16 v1.6 Detect VTeX and its facilities (HO)
Package ifvtex Info: VTeX not detected.
)
("D:\System Files\MiKTeX 2.9\tex\generic\ifxetex\ifxetex.sty"
Package: ifxetex 2010/09/12 v0.6 Provides ifxetex conditional
)
\Gm@cnth=\count191
\Gm@cntv=\count192
\c@Gm@tempcnt=\count193
\Gm@bindingoffset=\dimen151
\Gm@wd@mp=\dimen152
\Gm@odd@mp=\dimen153
\Gm@even@mp=\dimen154
\Gm@layoutwidth=\dimen155
\Gm@layoutheight=\dimen156
\Gm@layouthoffset=\dimen157
\Gm@layoutvoffset=\dimen158
\Gm@dimlist=\toks15

("D:\System Files\MiKTeX 2.9\tex\xelatex\xetexconfig\geometry.cfg"))
("D:\System Files\MiKTeX 2.9\tex\latex\base\size10.clo"
File: size10.clo 2014/09/29 v1.4h Standard LaTeX file (size option)
)
(C:\Users\Li\AppData\Roaming\MiKTeX\2.9\tex\latex\pgf\basiclayer\pgfcore.sty
("D:\System Files\MiKTeX 2.9\tex\latex\graphics\graphicx.sty"
Package: graphicx 2017/06/01 v1.1a Enhanced LaTeX Graphics (DPC,SPQR)

("D:\System Files\MiKTeX 2.9\tex\latex\graphics\graphics.sty"
Package: graphics 2017/06/25 v1.2c Standard LaTeX Graphics (DPC,SPQR)

("D:\System Files\MiKTeX 2.9\tex\latex\graphics\trig.sty"
Package: trig 2016/01/03 v1.10 sin cos tan (DPC)
)
("D:\System Files\MiKTeX 2.9\tex\latex\graphics-cfg\graphics.cfg"
File: graphics.cfg 2016/06/04 v1.11 sample graphics configuration
)
Package graphics Info: Driver file: xetex.def on input line 99.

("D:\System Files\MiKTeX 2.9\tex\latex\graphics-def\xetex.def"
File: xetex.def 2017/06/24 v5.0h Graphics/color driver for xetex
))
\Gin@req@height=\dimen159
\Gin@req@width=\dimen160
)
(C:\Users\Li\AppData\Roaming\MiKTeX\2.9\tex\latex\pgf\systemlayer\pgfsys.sty
(C:\Users\Li\AppData\Roaming\MiKTeX\2.9\tex\latex\pgf\utilities\pgfrcs.sty
(C:\Users\Li\AppData\Roaming\MiKTeX\2.9\tex\generic\pgf\utilities\pgfutil-commo
n.tex
\pgfutil@everybye=\toks16
\pgfutil@tempdima=\dimen161
\pgfutil@tempdimb=\dimen162

(C:\Users\Li\AppData\Roaming\MiKTeX\2.9\tex\generic\pgf\utilities\pgfutil-commo
n-lists.tex))
(C:\Users\Li\AppData\Roaming\MiKTeX\2.9\tex\generic\pgf\utilities\pgfutil-latex
.def
\pgfutil@abb=\box50
 (C:\Users\Li\AppData\Roaming\MiKTeX\2.9\tex\latex\ms\everyshi.sty
Package: everyshi 2001/05/15 v3.00 EveryShipout Package (MS)
))
(C:\Users\Li\AppData\Roaming\MiKTeX\2.9\tex\generic\pgf\utilities\pgfrcs.code.t
ex
Package: pgfrcs 2015/08/07 v3.0.1a (rcs-revision 1.31)
))
(C:\Users\Li\AppData\Roaming\MiKTeX\2.9\tex\generic\pgf\systemlayer\pgfsys.code
.tex
Package: pgfsys 2014/07/09 v3.0.1a (rcs-revision 1.48)

(C:\Users\Li\AppData\Roaming\MiKTeX\2.9\tex\generic\pgf\utilities\pgfkeys.code.
tex
\pgfkeys@pathtoks=\toks17
\pgfkeys@temptoks=\toks18

(C:\Users\Li\AppData\Roaming\MiKTeX\2.9\tex\generic\pgf\utilities\pgfkeysfilter
ed.code.tex
\pgfkeys@tmptoks=\toks19
))
\pgf@x=\dimen163
\pgf@y=\dimen164
\pgf@xa=\dimen165
\pgf@ya=\dimen166
\pgf@xb=\dimen167
\pgf@yb=\dimen168
\pgf@xc=\dimen169
\pgf@yc=\dimen170
\w@pgf@writea=\write3
\r@pgf@reada=\read2
\c@pgf@counta=\count194
\c@pgf@countb=\count195
\c@pgf@countc=\count196
\c@pgf@countd=\count197
\t@pgf@toka=\toks20
\t@pgf@tokb=\toks21
\t@pgf@tokc=\toks22

(C:\Users\Li\AppData\Roaming\MiKTeX\2.9\tex\generic\pgf\systemlayer\pgf.cfg
File: pgf.cfg 2008/05/14  (rcs-revision 1.7)
)
Driver file for pgf: pgfsys-xetex.def

(C:\Users\Li\AppData\Roaming\MiKTeX\2.9\tex\generic\pgf\systemlayer\pgfsys-xete
x.def
File: pgfsys-xetex.def 2014/07/09  (rcs-revision 1.11)

(C:\Users\Li\AppData\Roaming\MiKTeX\2.9\tex\generic\pgf\systemlayer\pgfsys-dvip
dfmx.def
File: pgfsys-dvipdfmx.def 2014/07/09  (rcs-revision 1.14)

(C:\Users\Li\AppData\Roaming\MiKTeX\2.9\tex\generic\pgf\systemlayer\pgfsys-comm
on-pdf.def
File: pgfsys-common-pdf.def 2013/10/10  (rcs-revision 1.13)
)
\pgfsys@objnum=\count198
)))
(C:\Users\Li\AppData\Roaming\MiKTeX\2.9\tex\generic\pgf\systemlayer\pgfsyssoftp
ath.code.tex
File: pgfsyssoftpath.code.tex 2013/09/09  (rcs-revision 1.9)
\pgfsyssoftpath@smallbuffer@items=\count199
\pgfsyssoftpath@bigbuffer@items=\count266
)
(C:\Users\Li\AppData\Roaming\MiKTeX\2.9\tex\generic\pgf\systemlayer\pgfsysproto
col.code.tex
File: pgfsysprotocol.code.tex 2006/10/16  (rcs-revision 1.4)
))
(C:\Users\Li\AppData\Roaming\MiKTeX\2.9\tex\latex\xcolor\xcolor.sty
Package: xcolor 2016/05/11 v2.12 LaTeX color extensions (UK)

("D:\System Files\MiKTeX 2.9\tex\latex\graphics-cfg\color.cfg"
File: color.cfg 2016/01/02 v1.6 sample color configuration
)
Package xcolor Info: Driver file: xetex.def on input line 225.
Package xcolor Info: Model `cmy' substituted by `cmy0' on input line 1348.
Package xcolor Info: Model `RGB' extended on input line 1364.
Package xcolor Info: Model `HTML' substituted by `rgb' on input line 1366.
Package xcolor Info: Model `Hsb' substituted by `hsb' on input line 1367.
Package xcolor Info: Model `tHsb' substituted by `hsb' on input line 1368.
Package xcolor Info: Model `HSB' substituted by `hsb' on input line 1369.
Package xcolor Info: Model `Gray' substituted by `gray' on input line 1370.
Package xcolor Info: Model `wave' substituted by `hsb' on input line 1371.
)
(C:\Users\Li\AppData\Roaming\MiKTeX\2.9\tex\generic\pgf\basiclayer\pgfcore.code
.tex
Package: pgfcore 2010/04/11 v3.0.1a (rcs-revision 1.7)

(C:\Users\Li\AppData\Roaming\MiKTeX\2.9\tex\generic\pgf\math\pgfmath.code.tex
(C:\Users\Li\AppData\Roaming\MiKTeX\2.9\tex\generic\pgf\math\pgfmathcalc.code.t
ex
(C:\Users\Li\AppData\Roaming\MiKTeX\2.9\tex\generic\pgf\math\pgfmathutil.code.t
ex)
(C:\Users\Li\AppData\Roaming\MiKTeX\2.9\tex\generic\pgf\math\pgfmathparser.code
.tex
\pgfmath@dimen=\dimen171
\pgfmath@count=\count267
\pgfmath@box=\box51
\pgfmath@toks=\toks23
\pgfmath@stack@operand=\toks24
\pgfmath@stack@operation=\toks25
)
(C:\Users\Li\AppData\Roaming\MiKTeX\2.9\tex\generic\pgf\math\pgfmathfunctions.c
ode.tex
(C:\Users\Li\AppData\Roaming\MiKTeX\2.9\tex\generic\pgf\math\pgfmathfunctions.b
asic.code.tex)
(C:\Users\Li\AppData\Roaming\MiKTeX\2.9\tex\generic\pgf\math\pgfmathfunctions.t
rigonometric.code.tex)
(C:\Users\Li\AppData\Roaming\MiKTeX\2.9\tex\generic\pgf\math\pgfmathfunctions.r
andom.code.tex)
(C:\Users\Li\AppData\Roaming\MiKTeX\2.9\tex\generic\pgf\math\pgfmathfunctions.c
omparison.code.tex)
(C:\Users\Li\AppData\Roaming\MiKTeX\2.9\tex\generic\pgf\math\pgfmathfunctions.b
ase.code.tex)
(C:\Users\Li\AppData\Roaming\MiKTeX\2.9\tex\generic\pgf\math\pgfmathfunctions.r
ound.code.tex)
(C:\Users\Li\AppData\Roaming\MiKTeX\2.9\tex\generic\pgf\math\pgfmathfunctions.m
isc.code.tex)
(C:\Users\Li\AppData\Roaming\MiKTeX\2.9\tex\generic\pgf\math\pgfmathfunctions.i
ntegerarithmetics.code.tex)))
(C:\Users\Li\AppData\Roaming\MiKTeX\2.9\tex\generic\pgf\math\pgfmathfloat.code.
tex
\c@pgfmathroundto@lastzeros=\count268
))
(C:\Users\Li\AppData\Roaming\MiKTeX\2.9\tex\generic\pgf\basiclayer\pgfcorepoint
s.code.tex
File: pgfcorepoints.code.tex 2013/10/07  (rcs-revision 1.27)
\pgf@picminx=\dimen172
\pgf@picmaxx=\dimen173
\pgf@picminy=\dimen174
\pgf@picmaxy=\dimen175
\pgf@pathminx=\dimen176
\pgf@pathmaxx=\dimen177
\pgf@pathminy=\dimen178
\pgf@pathmaxy=\dimen179
\pgf@xx=\dimen180
\pgf@xy=\dimen181
\pgf@yx=\dimen182
\pgf@yy=\dimen183
\pgf@zx=\dimen184
\pgf@zy=\dimen185
)
(C:\Users\Li\AppData\Roaming\MiKTeX\2.9\tex\generic\pgf\basiclayer\pgfcorepathc
onstruct.code.tex
File: pgfcorepathconstruct.code.tex 2013/10/07  (rcs-revision 1.29)
\pgf@path@lastx=\dimen186
\pgf@path@lasty=\dimen187
)
(C:\Users\Li\AppData\Roaming\MiKTeX\2.9\tex\generic\pgf\basiclayer\pgfcorepathu
sage.code.tex
File: pgfcorepathusage.code.tex 2014/11/02  (rcs-revision 1.24)
\pgf@shorten@end@additional=\dimen188
\pgf@shorten@start@additional=\dimen189
)
(C:\Users\Li\AppData\Roaming\MiKTeX\2.9\tex\generic\pgf\basiclayer\pgfcorescope
s.code.tex
File: pgfcorescopes.code.tex 2015/05/08  (rcs-revision 1.46)
\pgfpic=\box52
\pgf@hbox=\box53
\pgf@layerbox@main=\box54
\pgf@picture@serial@count=\count269
)
(C:\Users\Li\AppData\Roaming\MiKTeX\2.9\tex\generic\pgf\basiclayer\pgfcoregraph
icstate.code.tex
File: pgfcoregraphicstate.code.tex 2014/11/02  (rcs-revision 1.12)
\pgflinewidth=\dimen190
)
(C:\Users\Li\AppData\Roaming\MiKTeX\2.9\tex\generic\pgf\basiclayer\pgfcoretrans
formations.code.tex
File: pgfcoretransformations.code.tex 2015/08/07  (rcs-revision 1.20)
\pgf@pt@x=\dimen191
\pgf@pt@y=\dimen192
\pgf@pt@temp=\dimen193
)
(C:\Users\Li\AppData\Roaming\MiKTeX\2.9\tex\generic\pgf\basiclayer\pgfcorequick
.code.tex
File: pgfcorequick.code.tex 2008/10/09  (rcs-revision 1.3)
)
(C:\Users\Li\AppData\Roaming\MiKTeX\2.9\tex\generic\pgf\basiclayer\pgfcoreobjec
ts.code.tex
File: pgfcoreobjects.code.tex 2006/10/11  (rcs-revision 1.2)
)
(C:\Users\Li\AppData\Roaming\MiKTeX\2.9\tex\generic\pgf\basiclayer\pgfcorepathp
rocessing.code.tex
File: pgfcorepathprocessing.code.tex 2013/09/09  (rcs-revision 1.9)
)
(C:\Users\Li\AppData\Roaming\MiKTeX\2.9\tex\generic\pgf\basiclayer\pgfcorearrow
s.code.tex
File: pgfcorearrows.code.tex 2015/05/14  (rcs-revision 1.43)
\pgfarrowsep=\dimen194
)
(C:\Users\Li\AppData\Roaming\MiKTeX\2.9\tex\generic\pgf\basiclayer\pgfcoreshade
.code.tex
File: pgfcoreshade.code.tex 2013/07/15  (rcs-revision 1.15)
\pgf@max=\dimen195
\pgf@sys@shading@range@num=\count270
)
(C:\Users\Li\AppData\Roaming\MiKTeX\2.9\tex\generic\pgf\basiclayer\pgfcoreimage
.code.tex
File: pgfcoreimage.code.tex 2013/07/15  (rcs-revision 1.18)

(C:\Users\Li\AppData\Roaming\MiKTeX\2.9\tex\generic\pgf\basiclayer\pgfcoreexter
nal.code.tex
File: pgfcoreexternal.code.tex 2014/07/09  (rcs-revision 1.21)
\pgfexternal@startupbox=\box55
))
(C:\Users\Li\AppData\Roaming\MiKTeX\2.9\tex\generic\pgf\basiclayer\pgfcorelayer
s.code.tex
File: pgfcorelayers.code.tex 2013/07/18  (rcs-revision 1.7)
)
(C:\Users\Li\AppData\Roaming\MiKTeX\2.9\tex\generic\pgf\basiclayer\pgfcoretrans
parency.code.tex
File: pgfcoretransparency.code.tex 2013/09/30  (rcs-revision 1.5)
)
(C:\Users\Li\AppData\Roaming\MiKTeX\2.9\tex\generic\pgf\basiclayer\pgfcorepatte
rns.code.tex
File: pgfcorepatterns.code.tex 2013/11/07  (rcs-revision 1.5)
)))
(C:\Users\Li\AppData\Roaming\MiKTeX\2.9\tex\latex\pgf\utilities\xxcolor.sty
Package: xxcolor 2003/10/24 ver 0.1
\XC@nummixins=\count271
\XC@countmixins=\count272
)
("D:\System Files\MiKTeX 2.9\tex\generic\oberdiek\atbegshi.sty"
Package: atbegshi 2016/06/09 v1.18 At begin shipout hook (HO)

("D:\System Files\MiKTeX 2.9\tex\generic\oberdiek\infwarerr.sty"
Package: infwarerr 2016/05/16 v1.4 Providing info/warning/error messages (HO)
)
("D:\System Files\MiKTeX 2.9\tex\generic\oberdiek\ltxcmds.sty"
Package: ltxcmds 2016/05/16 v1.23 LaTeX kernel commands for general use (HO)
))
("D:\System Files\MiKTeX 2.9\tex\latex\hyperref\hyperref.sty"
Package: hyperref 2018/02/06 v6.86b Hypertext links for LaTeX

("D:\System Files\MiKTeX 2.9\tex\generic\oberdiek\hobsub-hyperref.sty"
Package: hobsub-hyperref 2016/05/16 v1.14 Bundle oberdiek, subset hyperref (HO)


("D:\System Files\MiKTeX 2.9\tex\generic\oberdiek\hobsub-generic.sty"
Package: hobsub-generic 2016/05/16 v1.14 Bundle oberdiek, subset generic (HO)
Package: hobsub 2016/05/16 v1.14 Construct package bundles (HO)
Package hobsub Info: Skipping package `infwarerr' (already loaded).
Package hobsub Info: Skipping package `ltxcmds' (already loaded).
Package: ifluatex 2016/05/16 v1.4 Provides the ifluatex switch (HO)
Package ifluatex Info: LuaTeX not detected.
Package hobsub Info: Skipping package `ifvtex' (already loaded).
Package: intcalc 2016/05/16 v1.2 Expandable calculations with integers (HO)
Package hobsub Info: Skipping package `ifpdf' (already loaded).
Package: etexcmds 2016/05/16 v1.6 Avoid name clashes with e-TeX commands (HO)
Package etexcmds Info: Could not find \expanded.
(etexcmds)             That can mean that you are not using pdfTeX 1.50 or
(etexcmds)             that some package has redefined \expanded.
(etexcmds)             In the latter case, load this package earlier.
Package: kvsetkeys 2016/05/16 v1.17 Key value parser (HO)
Package: kvdefinekeys 2016/05/16 v1.4 Define keys (HO)
Package: pdftexcmds 2018/01/21 v0.26 Utility functions of pdfTeX for LuaTeX (HO
)
Package pdftexcmds Info: LuaTeX not detected.
Package pdftexcmds Info: pdfTeX >= 1.30 not detected.
Package pdftexcmds Info: \pdf@primitive is available.
Package pdftexcmds Info: \pdf@ifprimitive is available.
Package pdftexcmds Info: \pdfdraftmode not found.
Package: pdfescape 2016/05/16 v1.14 Implements pdfTeX's escape features (HO)
Package: bigintcalc 2016/05/16 v1.4 Expandable calculations on big integers (HO
)
Package: bitset 2016/05/16 v1.2 Handle bit-vector datatype (HO)
Package: uniquecounter 2016/05/16 v1.3 Provide unlimited unique counter (HO)
)
Package hobsub Info: Skipping package `hobsub' (already loaded).
Package: letltxmacro 2016/05/16 v1.5 Let assignment for LaTeX macros (HO)
Package: hopatch 2016/05/16 v1.3 Wrapper for package hooks (HO)
Package: xcolor-patch 2016/05/16 xcolor patch
Package: atveryend 2016/05/16 v1.9 Hooks at the very end of document (HO)
Package hobsub Info: Skipping package `atbegshi' (already loaded).
Package: refcount 2016/05/16 v3.5 Data extraction from label references (HO)
Package: hycolor 2016/05/16 v1.8 Color options for hyperref/bookmark (HO)
)
("D:\System Files\MiKTeX 2.9\tex\latex\oberdiek\auxhook.sty"
Package: auxhook 2016/05/16 v1.4 Hooks for auxiliary files (HO)
)
("D:\System Files\MiKTeX 2.9\tex\latex\oberdiek\kvoptions.sty"
Package: kvoptions 2016/05/16 v3.12 Key value format for package options (HO)
)
\@linkdim=\dimen196
\Hy@linkcounter=\count273
\Hy@pagecounter=\count274

("D:\System Files\MiKTeX 2.9\tex\latex\hyperref\pd1enc.def"
File: pd1enc.def 2018/02/06 v6.86b Hyperref: PDFDocEncoding definition (HO)
)
\Hy@SavedSpaceFactor=\count275

("D:\System Files\MiKTeX 2.9\tex\latex\00miktex\hyperref.cfg"
File: hyperref.cfg 2002/06/06 v1.2 hyperref configuration of TeXLive
)
Package hyperref Info: Option `bookmarks' set `true' on input line 4383.
Package hyperref Info: Option `bookmarksopen' set `true' on input line 4383.
Package hyperref Info: Option `implicit' set `false' on input line 4383.
Package hyperref Info: Hyper figures OFF on input line 4509.
Package hyperref Info: Link nesting OFF on input line 4514.
Package hyperref Info: Hyper index ON on input line 4517.
Package hyperref Info: Plain pages OFF on input line 4524.
Package hyperref Info: Backreferencing OFF on input line 4529.
Package hyperref Info: Implicit mode OFF; no redefinition of LaTeX internals.
Package hyperref Info: Bookmarks ON on input line 4762.
\c@Hy@tempcnt=\count276

(C:\Users\Li\AppData\Roaming\MiKTeX\2.9\tex\latex\url\url.sty
\Urlmuskip=\muskip16
Package: url 2013/09/16  ver 3.4  Verb mode for urls, etc.
)
LaTeX Info: Redefining \url on input line 5115.
\XeTeXLinkMargin=\dimen197
\Fld@menulength=\count277
\Field@Width=\dimen198
\Fld@charsize=\dimen199
Package hyperref Info: Hyper figures OFF on input line 6369.
Package hyperref Info: Link nesting OFF on input line 6374.
Package hyperref Info: Hyper index ON on input line 6377.
Package hyperref Info: backreferencing OFF on input line 6384.
Package hyperref Info: Link coloring OFF on input line 6389.
Package hyperref Info: Link coloring with OCG OFF on input line 6394.
Package hyperref Info: PDF/A mode OFF on input line 6399.
LaTeX Info: Redefining \ref on input line 6439.
LaTeX Info: Redefining \pageref on input line 6443.
\Hy@abspage=\count278


Package hyperref Message: Stopped early.

)
Package hyperref Info: Driver (autodetected): hxetex.
 ("D:\System Files\MiKTeX 2.9\tex\latex\hyperref\hxetex.def"
File: hxetex.def 2018/02/06 v6.86b Hyperref driver for XeTeX

("D:\System Files\MiKTeX 2.9\tex\latex\hyperref\puenc.def"
File: puenc.def 2018/02/06 v6.86b Hyperref: PDF Unicode definition (HO)
)
("D:\System Files\MiKTeX 2.9\tex\generic\oberdiek\stringenc.sty"
Package: stringenc 2016/05/16 v1.11 Convert strings between diff. encodings (HO
)
)
\pdfm@box=\box56
\c@Hy@AnnotLevel=\count279
\HyField@AnnotCount=\count280
\Fld@listcount=\count281
\c@bookmark@seq@number=\count282

("D:\System Files\MiKTeX 2.9\tex\latex\oberdiek\rerunfilecheck.sty"
Package: rerunfilecheck 2016/05/16 v1.8 Rerun checks for auxiliary files (HO)
Package rerunfilecheck Info: Feature \pdfmdfivesum is not available
(rerunfilecheck)             (e.g. pdfTeX or LuaTeX with package `pdftexcmds').

(rerunfilecheck)             Therefore file contents cannot be checked efficien
tly
(rerunfilecheck)             and the loading of the package is aborted.
))
("D:\System Files\MiKTeX 2.9\tex\generic\oberdiek\se-ascii-print.def"
File: se-ascii-print.def 2016/05/16 v1.11 stringenc: Printable ASCII characters

)
(C:\Users\Li\AppData\Roaming\MiKTeX\2.9\tex\latex\beamer\beamerbaserequires.sty

(C:\Users\Li\AppData\Roaming\MiKTeX\2.9\tex\latex\beamer\beamerbasecompatibilit
y.sty)
(C:\Users\Li\AppData\Roaming\MiKTeX\2.9\tex\latex\beamer\beamerbasefont.sty
("D:\System Files\MiKTeX 2.9\tex\latex\amsfonts\amssymb.sty"
Package: amssymb 2013/01/14 v3.01 AMS font symbols

("D:\System Files\MiKTeX 2.9\tex\latex\amsfonts\amsfonts.sty"
Package: amsfonts 2013/01/14 v3.01 Basic AMSFonts support
\@emptytoks=\toks26
\symAMSa=\mathgroup4
\symAMSb=\mathgroup5
LaTeX Font Info:    Overwriting math alphabet `\mathfrak' in version `bold'
(Font)                  U/euf/m/n --> U/euf/b/n on input line 106.
))
(C:\Users\Li\AppData\Roaming\MiKTeX\2.9\tex\latex\sansmathaccent\sansmathaccent
.sty
Package: sansmathaccent 2013/03/28
 (C:\Users\Li\AppData\Roaming\MiKTeX\2.9\tex\latex\filehook\filehook.sty
Package: filehook 2011/10/12 v0.5d Hooks for input files
)))
(C:\Users\Li\AppData\Roaming\MiKTeX\2.9\tex\latex\beamer\beamerbasetranslator.s
ty (C:\Users\Li\AppData\Roaming\MiKTeX\2.9\tex\latex\translator\translator.sty
Package: translator 2018/01/04 v1.12 Easy translation of strings in LaTeX
)) (C:\Users\Li\AppData\Roaming\MiKTeX\2.9\tex\latex\beamer\beamerbasemisc.sty)

(C:\Users\Li\AppData\Roaming\MiKTeX\2.9\tex\latex\beamer\beamerbasetwoscreens.s
ty)
(C:\Users\Li\AppData\Roaming\MiKTeX\2.9\tex\latex\beamer\beamerbaseoverlay.sty
\beamer@argscount=\count283
\beamer@lastskipcover=\skip50
\beamer@trivlistdepth=\count284
) (C:\Users\Li\AppData\Roaming\MiKTeX\2.9\tex\latex\beamer\beamerbasetitle.sty)

(C:\Users\Li\AppData\Roaming\MiKTeX\2.9\tex\latex\beamer\beamerbasesection.sty
\c@lecture=\count285
\c@part=\count286
\c@section=\count287
\c@subsection=\count288
\c@subsubsection=\count289
) (C:\Users\Li\AppData\Roaming\MiKTeX\2.9\tex\latex\beamer\beamerbaseframe.sty
\beamer@framebox=\box57
\beamer@frametitlebox=\box58
\beamer@zoombox=\box59
\beamer@zoomcount=\count290
\beamer@zoomframecount=\count291
\beamer@frametextheight=\dimen256
\c@subsectionslide=\count292
\beamer@frametopskip=\skip51
\beamer@framebottomskip=\skip52
\beamer@frametopskipautobreak=\skip53
\beamer@framebottomskipautobreak=\skip54
\beamer@envbody=\toks27
\framewidth=\dimen257
\c@framenumber=\count293
)
(C:\Users\Li\AppData\Roaming\MiKTeX\2.9\tex\latex\beamer\beamerbaseverbatim.sty
\beamer@verbatimfileout=\write4
)
(C:\Users\Li\AppData\Roaming\MiKTeX\2.9\tex\latex\beamer\beamerbaseframesize.st
y
\beamer@splitbox=\box60
\beamer@autobreakcount=\count294
\beamer@autobreaklastheight=\dimen258
\beamer@frametitletoks=\toks28
\beamer@framesubtitletoks=\toks29
)
(C:\Users\Li\AppData\Roaming\MiKTeX\2.9\tex\latex\beamer\beamerbaseframecompone
nts.sty
\beamer@footins=\box61
)
(C:\Users\Li\AppData\Roaming\MiKTeX\2.9\tex\latex\beamer\beamerbasecolor.sty
\beamer@bg@ht=\dimen259
\beamer@bg@wd=\dimen260
\beamer@bg@dp=\dimen261
)
(C:\Users\Li\AppData\Roaming\MiKTeX\2.9\tex\latex\beamer\beamerbasenotes.sty
\beamer@frameboxcopy=\box62
)
(C:\Users\Li\AppData\Roaming\MiKTeX\2.9\tex\latex\beamer\beamerbasetoc.sty)
(C:\Users\Li\AppData\Roaming\MiKTeX\2.9\tex\latex\beamer\beamerbasetemplates.st
y
\beamer@sbttoks=\toks30

(C:\Users\Li\AppData\Roaming\MiKTeX\2.9\tex\latex\beamer\beamerbaseauxtemplates
.sty
(C:\Users\Li\AppData\Roaming\MiKTeX\2.9\tex\latex\beamer\beamerbaseboxes.sty
\bmb@box=\box63
\bmb@colorbox=\box64
\bmb@boxshadow=\box65
\bmb@boxshadowball=\box66
\bmb@boxshadowballlarge=\box67
\bmb@temp=\dimen262
\bmb@dima=\dimen263
\bmb@dimb=\dimen264
\bmb@prevheight=\dimen265
)
\beamer@blockheadheight=\dimen266
))
(C:\Users\Li\AppData\Roaming\MiKTeX\2.9\tex\latex\beamer\beamerbaselocalstructu
re.sty ("D:\System Files\MiKTeX 2.9\tex\latex\tools\enumerate.sty"
Package: enumerate 2015/07/23 v3.00 enumerate extensions (DPC)
\@enLab=\toks31
)
\c@figure=\count295
\c@table=\count296
\abovecaptionskip=\skip55
\belowcaptionskip=\skip56
)
(C:\Users\Li\AppData\Roaming\MiKTeX\2.9\tex\latex\beamer\beamerbasenavigation.s
ty
\beamer@section@min@dim=\dimen267
)
(C:\Users\Li\AppData\Roaming\MiKTeX\2.9\tex\latex\beamer\beamerbasetheorems.sty
("D:\System Files\MiKTeX 2.9\tex\latex\amsmath\amsmath.sty"
Package: amsmath 2017/09/02 v2.17a AMS math features
\@mathmargin=\skip57

For additional information on amsmath, use the `?' option.
("D:\System Files\MiKTeX 2.9\tex\latex\amsmath\amstext.sty"
Package: amstext 2000/06/29 v2.01 AMS text

("D:\System Files\MiKTeX 2.9\tex\latex\amsmath\amsgen.sty"
File: amsgen.sty 1999/11/30 v2.0 generic functions
\@emptytoks=\toks32
\ex@=\dimen268
))
("D:\System Files\MiKTeX 2.9\tex\latex\amsmath\amsbsy.sty"
Package: amsbsy 1999/11/29 v1.2d Bold Symbols
\pmbraise@=\dimen269
)
("D:\System Files\MiKTeX 2.9\tex\latex\amsmath\amsopn.sty"
Package: amsopn 2016/03/08 v2.02 operator names
)
\inf@bad=\count297
LaTeX Info: Redefining \frac on input line 213.
\uproot@=\count298
\leftroot@=\count299
LaTeX Info: Redefining \overline on input line 375.
\classnum@=\count300
\DOTSCASE@=\count301
LaTeX Info: Redefining \ldots on input line 472.
LaTeX Info: Redefining \dots on input line 475.
LaTeX Info: Redefining \cdots on input line 596.
\Mathstrutbox@=\box68
\strutbox@=\box69
\big@size=\dimen270
LaTeX Font Info:    Redeclaring font encoding OML on input line 712.
LaTeX Font Info:    Redeclaring font encoding OMS on input line 713.
\macc@depth=\count302
\c@MaxMatrixCols=\count303
\dotsspace@=\muskip17
\c@parentequation=\count304
\dspbrk@lvl=\count305
\tag@help=\toks33
\row@=\count306
\column@=\count307
\maxfields@=\count308
\andhelp@=\toks34
\eqnshift@=\dimen271
\alignsep@=\dimen272
\tagshift@=\dimen273
\tagwidth@=\dimen274
\totwidth@=\dimen275
\lineht@=\dimen276
\@envbody=\toks35
\multlinegap=\skip58
\multlinetaggap=\skip59
\mathdisplay@stack=\toks36
LaTeX Info: Redefining \[ on input line 2817.
LaTeX Info: Redefining \] on input line 2818.
)
("D:\System Files\MiKTeX 2.9\tex\latex\amscls\amsthm.sty"
Package: amsthm 2017/10/31 v2.20.4
\thm@style=\toks37
\thm@bodyfont=\toks38
\thm@headfont=\toks39
\thm@notefont=\toks40
\thm@headpunct=\toks41
\thm@preskip=\skip60
\thm@postskip=\skip61
\thm@headsep=\skip62
\dth@everypar=\toks42
)
\c@theorem=\count309
)
(C:\Users\Li\AppData\Roaming\MiKTeX\2.9\tex\latex\beamer\beamerbasethemes.sty))

(C:\Users\Li\AppData\Roaming\MiKTeX\2.9\tex\latex\beamer\beamerthemedefault.sty

(C:\Users\Li\AppData\Roaming\MiKTeX\2.9\tex\latex\beamer\beamerfontthemedefault
.sty)
(C:\Users\Li\AppData\Roaming\MiKTeX\2.9\tex\latex\beamer\beamercolorthemedefaul
t.sty)
(C:\Users\Li\AppData\Roaming\MiKTeX\2.9\tex\latex\beamer\beamerinnerthemedefaul
t.sty
\beamer@dima=\dimen277
\beamer@dimb=\dimen278
)
(C:\Users\Li\AppData\Roaming\MiKTeX\2.9\tex\latex\beamer\beamerouterthemedefaul
t.sty)))
("D:\System Files\MiKTeX 2.9\tex\latex\ctex\engine\ctex-engine-xetex.def"
File: ctex-engine-xetex.def 2018/05/02 v2.4.14 XeLaTeX adapter (CTEX)

(C:\Users\Li\AppData\Roaming\MiKTeX\2.9\tex\xelatex\xecjk\xeCJK.sty
Package: xeCJK 2018/04/30 v3.7.1 Typesetting CJK scripts with XeLaTeX

(C:\Users\Li\AppData\Roaming\MiKTeX\2.9\tex\latex\l3packages\xtemplate\xtemplat
e.sty
Package: xtemplate 2018-05-12 L3 Experimental prototype document functions
\l__xtemplate_tmp_dim=\dimen279
\l__xtemplate_tmp_int=\count310
\l__xtemplate_tmp_muskip=\muskip18
\l__xtemplate_tmp_skip=\skip63
)
\l__xeCJK_tmp_int=\count311
\l__xeCJK_tmp_box=\box70
\l__xeCJK_tmp_dim=\dimen280
\l__xeCJK_tmp_skip=\skip64
.................................................
. LaTeX info: "xparse/define-command"
. 
. Defining command \xeCJKShipoutHook with sig. '' on line 150.
.................................................
\g__xeCJK_space_factor_int=\count312
\l__xeCJK_begin_int=\count313
\l__xeCJK_end_int=\count314
.................................................
. LaTeX info: "xparse/define-command"
. 
. Defining command \makexeCJKactive with sig. '' on line 396.
.................................................
.................................................
. LaTeX info: "xparse/define-command"
. 
. Defining command \makexeCJKinactive with sig. '' on line 398.
.................................................
\c__xeCJK_CJK_class_int=\XeTeXcharclass1
\c__xeCJK_FullLeft_class_int=\XeTeXcharclass2
\c__xeCJK_FullRight_class_int=\XeTeXcharclass3
\c__xeCJK_HalfLeft_class_int=\XeTeXcharclass4
\c__xeCJK_HalfRight_class_int=\XeTeXcharclass5
\c__xeCJK_NormalSpace_class_int=\XeTeXcharclass6
\c__xeCJK_CM_class_int=\XeTeXcharclass7
\c__xeCJK_HangulJamo_class_int=\XeTeXcharclass8
.................................................
. LaTeX info: "xparse/define-command"
. 
. Defining command \xeCJKDeclareCharClass with sig. 's>{\TrimSpaces }mm' on
. line 580.
.................................................
.................................................
. LaTeX info: "xparse/define-command"
. 
. Defining command \__xeCJK_set_char_class_aux:Nnw with sig.
. 'm>{\SplitArgument {1}{->}}m' on line 601.
.................................................
.................................................
. LaTeX info: "xparse/define-command"
. 
. Defining command \normalspacedchars with sig. 'm' on line 647.
.................................................
.................................................
. LaTeX info: "xparse/define-command"
. 
. Defining command \xeCJKResetPunctClass with sig. '' on line 658.
.................................................
.................................................
. LaTeX info: "xparse/define-command"
. 
. Defining command \xeCJKResetCharClass with sig. '' on line 670.
.................................................
\l__xeCJK_last_skip=\skip65
\g__xeCJK_node_int=\count315
\c__xeCJK_CJK_node_dim=\dimen281
\c__xeCJK_CJK-space_node_dim=\dimen282
\c__xeCJK_default_node_dim=\dimen283
\c__xeCJK_default-space_node_dim=\dimen284
\c__xeCJK_CJK-widow_node_dim=\dimen285
\c__xeCJK_normalspace_node_dim=\dimen286
\l__xeCJK_ccglue_skip=\skip66
\l__xeCJK_ecglue_skip=\skip67
\l__xeCJK_punct_kern_skip=\skip68
\l__xeCJK_last_penalty_int=\count316
\l__xeCJK_last_bound_dim=\dimen287
\l__xeCJK_last_kern_dim=\dimen288
.................................................
. LaTeX info: "xparse/define-command"
. 
. Defining command \xeCJKnobreak with sig. '' on line 1889.
.................................................
\l__xeCJK_widow_penalty_int=\count317
.................................................
. LaTeX info: "xparse/define-command"
. 
. Defining command \xeCJKDeclareSubCJKBlock with sig. 's>{\TrimSpaces }mm' on
. line 2084.
.................................................
.................................................
. LaTeX info: "xparse/define-command"
. 
. Defining command \xeCJKCancelSubCJKBlock with sig. 'sm' on line 2095.
.................................................
.................................................
. LaTeX info: "xparse/define-command"
. 
. Defining command \xeCJKRestoreSubCJKBlock with sig. 'sm' on line 2104.
.................................................
.................................................
. LaTeX info: "xparse/define-command"
. 
. Defining command \xeCJKsetwidth with sig. 'smm' on line 2202.
.................................................
.................................................
. LaTeX info: "xparse/define-command"
. 
. Defining command \xeCJKsetkern with sig. 'mmm' on line 2206.
.................................................
.................................................
. xtemplate info: "declare-object-type"
. 
. Declaring object type 'xeCJK/punctuation' taking 0 argument(s) on line 2362.
.................................................
\l__xeCJK_fixed_punct_width_dim=\dimen289
\l__xeCJK_mixed_punct_width_dim=\dimen290
\l__xeCJK_middle_punct_width_dim=\dimen291
\l__xeCJK_fixed_margin_width_dim=\dimen292
\l__xeCJK_mixed_margin_width_dim=\dimen293
\l__xeCJK_middle_margin_width_dim=\dimen294
\l__xeCJK_bound_punct_width_dim=\dimen295
\l__xeCJK_bound_margin_width_dim=\dimen296
\l__xeCJK_margin_minimum_dim=\dimen297
\l__xeCJK_kerning_total_width_dim=\dimen298
\l__xeCJK_same_align_margin_dim=\dimen299
\l__xeCJK_different_align_margin_dim=\dimen300
\l__xeCJK_kerning_margin_width_dim=\dimen301
\l__xeCJK_kerning_margin_minimum_dim=\dimen302
\l__xeCJK_bound_dim=\dimen303
\l__xeCJK_reverse_bound_dim=\dimen304
\l__xeCJK_minimum_bound_dim=\dimen305
\l__xeCJK_kerning_margin_dim=\dimen306
\l__xeCJK_original_margin_dim=\dimen307
.................................................
. LaTeX info: "xparse/define-command"
. 
. Defining command \xeCJKDeclarePunctStyle with sig. '>{\TrimSpaces }mm' on
. line 2942.
.................................................
.................................................
. LaTeX info: "xparse/define-command"
. 
. Defining command \xeCJKEditPunctStyle with sig. '>{\TrimSpaces }mm' on line
. 2955.
.................................................
.................................................
. LaTeX info: "xparse/define-command"
. 
. Defining command \setCJKfallbackfamilyfont with sig. 'mom' on line 3059.
.................................................
\g__xeCJK_family_int=\count318
.................................................
. LaTeX info: "xparse/define-command"
. 
. Defining command \CJKfamily with sig. 't+t-m' on line 3493.
.................................................
.................................................
. LaTeX info: "xparse/define-command"
. 
. Defining command \__xeCJK_gobble_CJKfamily:wn with sig. 't+t-m' on line
. 3558.
.................................................
.................................................
. LaTeX info: "xparse/define-command"
. 
. Defining command \__xeCJK_post_arg:w with sig. 'mmmO{}' on line 3618.
.................................................
.................................................
. LaTeX info: "xparse/define-command"
. 
. Defining command \setCJKmainfont with sig. 'om' on line 3624.
.................................................
.................................................
. LaTeX info: "xparse/define-command"
. 
. Defining command \setCJKsansfont with sig. 'om' on line 3631.
.................................................
.................................................
. LaTeX info: "xparse/define-command"
. 
. Defining command \setCJKmonofont with sig. 'om' on line 3637.
.................................................
.................................................
. LaTeX info: "xparse/define-command"
. 
. Defining command \setCJKfamilyfont with sig. 'mom' on line 3648.
.................................................
.................................................
. LaTeX info: "xparse/define-command"
. 
. Defining command \newCJKfontfamily with sig. 'omom' on line 3658.
.................................................
.................................................
. LaTeX info: "xparse/define-command"
. 
. Defining command \CJKfontspec with sig. 'om' on line 3664.
.................................................
.................................................
. LaTeX info: "xparse/define-command"
. 
. Defining command \defaultCJKfontfeatures with sig. 'm' on line 3687.
.................................................
.................................................
. LaTeX info: "xparse/define-command"
. 
. Defining command \addCJKfontfeatures with sig. 'sO{}m' on line 3693.
.................................................
.................................................
. LaTeX info: "xparse/define-command"
. 
. Defining command \setCJKmathfont with sig. 'om' on line 3870.
.................................................
\l__xeCJK_fam_int=\count319
\g__xeCJK_fam_allocation_int=\count320
\l__xeCJK_verb_case_int=\count321
.................................................
. LaTeX info: "xparse/define-command"
. 
. Defining command \xeCJKVerbAddon with sig. '' on line 4117.
.................................................
.................................................
. LaTeX info: "xparse/define-command"
. 
. Defining command \xeCJKOffVerbAddon with sig. '' on line 4121.
.................................................
\l__xeCJK_verb_exspace_skip=\skip69
 ("D:\System Files\MiKTeX 2.9\tex\latex\fontspec\fontspec.sty"
Package: fontspec 2017/11/09 v2.6g Font selection for XeLaTeX and LuaLaTeX

("D:\System Files\MiKTeX 2.9\tex\latex\fontspec\fontspec-xetex.sty"
Package: fontspec-xetex 2017/11/09 v2.6g Font selection for XeLaTeX and LuaLaTe
X
\l__fontspec_script_int=\count322
\l__fontspec_language_int=\count323
\l__fontspec_strnum_int=\count324
\l__fontspec_tmp_int=\count325
\l__fontspec_em_int=\count326
\l__fontspec_emdef_int=\count327
\l__fontspec_strong_int=\count328
\l__fontspec_strongdef_int=\count329
\l__fontspec_tmpa_dim=\dimen308
\l__fontspec_tmpb_dim=\dimen309
\l__fontspec_tmpc_dim=\dimen310

("D:\System Files\MiKTeX 2.9\tex\latex\base\fontenc.sty"
Package: fontenc 2017/04/05 v2.0i Standard LaTeX package

("D:\System Files\MiKTeX 2.9\tex\latex\base\tuenc.def"
File: tuenc.def 2017/04/05 v2.0i Standard LaTeX file
LaTeX Font Info:    Redeclaring font encoding TU on input line 82.
))
.................................................
. LaTeX info: "xparse/define-command"
. 
. Defining command \fontspec with sig. 'O{}mO{}' on line 542.
.................................................
.................................................
. LaTeX info: "xparse/define-command"
. 
. Defining command \setmainfont with sig. 'O{}mO{}' on line 546.
.................................................
.................................................
. LaTeX info: "xparse/define-command"
. 
. Defining command \setsansfont with sig. 'O{}mO{}' on line 550.
.................................................
.................................................
. LaTeX info: "xparse/define-command"
. 
. Defining command \setmonofont with sig. 'O{}mO{}' on line 554.
.................................................
.................................................
. LaTeX info: "xparse/define-command"
. 
. Defining command \setmathrm with sig. 'O{}mO{}' on line 558.
.................................................
.................................................
. LaTeX info: "xparse/define-command"
. 
. Defining command \setboldmathrm with sig. 'O{}mO{}' on line 562.
.................................................
.................................................
. LaTeX info: "xparse/define-command"
. 
. Defining command \setmathsf with sig. 'O{}mO{}' on line 566.
.................................................
.................................................
. LaTeX info: "xparse/define-command"
. 
. Defining command \setmathtt with sig. 'O{}mO{}' on line 570.
.................................................
.................................................
. LaTeX info: "xparse/define-command"
. 
. Defining command \setromanfont with sig. 'O{}mO{}' on line 574.
.................................................
.................................................
. LaTeX info: "xparse/define-command"
. 
. Defining command \newfontfamily with sig. 'mO{}mO{}' on line 578.
.................................................
.................................................
. LaTeX info: "xparse/define-command"
. 
. Defining command \newfontface with sig. 'mO{}mO{}' on line 582.
.................................................
.................................................
. LaTeX info: "xparse/define-command"
. 
. Defining command \defaultfontfeatures with sig. 't+om' on line 586.
.................................................
.................................................
. LaTeX info: "xparse/define-command"
. 
. Defining command \addfontfeatures with sig. 'm' on line 590.
.................................................
.................................................
. LaTeX info: "xparse/define-command"
. 
. Defining command \addfontfeature with sig. 'm' on line 594.
.................................................
.................................................
. LaTeX info: "xparse/define-command"
. 
. Defining command \newfontfeature with sig. 'mm' on line 598.
.................................................
.................................................
. LaTeX info: "xparse/define-command"
. 
. Defining command \newAATfeature with sig. 'mmmm' on line 602.
.................................................
.................................................
. LaTeX info: "xparse/define-command"
. 
. Defining command \newopentypefeature with sig. 'mmm' on line 606.
.................................................
.................................................
. LaTeX info: "xparse/define-command"
. 
. Defining command \newICUfeature with sig. 'mmm' on line 610.
.................................................
.................................................
. LaTeX info: "xparse/define-command"
. 
. Defining command \aliasfontfeature with sig. 'mm' on line 614.
.................................................
.................................................
. LaTeX info: "xparse/define-command"
. 
. Defining command \aliasfontfeatureoption with sig. 'mmm' on line 618.
.................................................
.................................................
. LaTeX info: "xparse/define-command"
. 
. Defining command \newfontscript with sig. 'mm' on line 622.
.................................................
.................................................
. LaTeX info: "xparse/define-command"
. 
. Defining command \newfontlanguage with sig. 'mm' on line 626.
.................................................
.................................................
. LaTeX info: "xparse/define-command"
. 
. Defining command \DeclareFontsExtensions with sig. 'm' on line 630.
.................................................
.................................................
. LaTeX info: "xparse/define-command"
. 
. Defining command \IfFontFeatureActiveTF with sig. 'mmm' on line 634.
.................................................
.................................................
. LaTeX info: "xparse/define-command"
. 
. Defining command \EncodingCommand with sig. 'mO{}m' on line 3632.
.................................................
.................................................
. LaTeX info: "xparse/define-command"
. 
. Defining command \EncodingAccent with sig. 'mm' on line 3638.
.................................................
.................................................
. LaTeX info: "xparse/define-command"
. 
. Defining command \EncodingSymbol with sig. 'mm' on line 3644.
.................................................
.................................................
. LaTeX info: "xparse/define-command"
. 
. Defining command \EncodingComposite with sig. 'mmm' on line 3650.
.................................................
.................................................
. LaTeX info: "xparse/define-command"
. 
. Defining command \EncodingCompositeCommand with sig. 'mmm' on line 3656.
.................................................
.................................................
. LaTeX info: "xparse/define-command"
. 
. Defining command \DeclareUnicodeEncoding with sig. 'mm' on line 3681.
.................................................
.................................................
. LaTeX info: "xparse/define-command"
. 
. Defining command \UndeclareSymbol with sig. 'm' on line 3687.
.................................................
.................................................
. LaTeX info: "xparse/define-command"
. 
. Defining command \UndeclareAccent with sig. 'm' on line 3693.
.................................................
.................................................
. LaTeX info: "xparse/define-command"
. 
. Defining command \UndeclareCommand with sig. 'm' on line 3699.
.................................................
.................................................
. LaTeX info: "xparse/define-command"
. 
. Defining command \UndeclareComposite with sig. 'mm' on line 3706.
.................................................

("D:\System Files\MiKTeX 2.9\tex\latex\fontspec\fontspec.cfg")
LaTeX Info: Redefining \itshape on input line 3891.
LaTeX Info: Redefining \slshape on input line 3896.
LaTeX Info: Redefining \scshape on input line 3901.
LaTeX Info: Redefining \upshape on input line 3906.
LaTeX Info: Redefining \em on input line 3936.
LaTeX Info: Redefining \emph on input line 3961.
LaTeX Font Info:    Font shape `TU/lmss/m/it' in size <10> not available
(Font)              Font shape `TU/lmss/m/sl' tried instead on input line 4011.

LaTeX Info: Redefining \- on input line 4015.
.................................................
. LaTeX info: "xparse/redefine-command"
. 
. Redefining command \oldstylenums with sig. 'm' on line 4110.
.................................................
.................................................
. LaTeX info: "xparse/define-command"
. 
. Defining command \liningnums with sig. 'm' on line 4114.
.................................................
))
.................................................
. LaTeX info: "xparse/define-command"
. 
. Defining command \xeCJKsetup with sig. '+m' on line 4422.
.................................................
.................................................
. LaTeX info: "xparse/define-command"
. 
. Defining command \xeCJKsetemboldenfactor with sig. 'm' on line 4424.
.................................................
.................................................
. LaTeX info: "xparse/define-command"
. 
. Defining command \xeCJKsetslantfactor with sig. 'm' on line 4426.
.................................................
.................................................
. LaTeX info: "xparse/define-command"
. 
. Defining command \punctstyle with sig. 'm' on line 4427.
.................................................
.................................................
. LaTeX info: "xparse/define-command"
. 
. Defining command \xeCJKplainchr with sig. '' on line 4428.
.................................................
.................................................
. LaTeX info: "xparse/define-command"
. 
. Defining command \CJKsetecglue with sig. 'm' on line 4429.
.................................................
.................................................
. LaTeX info: "xparse/define-command"
. 
. Defining command \CJKspace with sig. '' on line 4431.
.................................................
.................................................
. LaTeX info: "xparse/define-command"
. 
. Defining command \CJKnospace with sig. '' on line 4432.
.................................................
.................................................
. LaTeX info: "xparse/define-command"
. 
. Defining command \xeCJKallowbreakbetweenpuncts with sig. '' on line 4434.
.................................................
.................................................
. LaTeX info: "xparse/define-command"
. 
. Defining command \xeCJKnobreakbetweenpuncts with sig. '' on line 4436.
.................................................
.................................................
. LaTeX info: "xparse/define-command"
. 
. Defining command \xeCJKenablefallback with sig. '' on line 4438.
.................................................
.................................................
. LaTeX info: "xparse/define-command"
. 
. Defining command \xeCJKdisablefallback with sig. '' on line 4440.
.................................................
.................................................
. LaTeX info: "xparse/define-command"
. 
. Defining command \xeCJKsetcharclass with sig. 'mmm' on line 4445.
.................................................
.................................................
. LaTeX info: "xparse/redefine-command"
. 
. Redefining command \fontfamily with sig. 'm' on line 4628.
.................................................

(C:\Users\Li\AppData\Roaming\MiKTeX\2.9\tex\xelatex\xecjk\xeCJK.cfg
File: xeCJK.cfg 2018/04/30 v3.7.1 Configuration file for xeCJK package
))
(C:\Users\Li\AppData\Roaming\MiKTeX\2.9\tex\xelatex\xecjk\xeCJKfntef.sty
Package: xeCJKfntef 2018/04/30 v3.7.1 xeCJK font effect

(C:\Users\Li\AppData\Roaming\MiKTeX\2.9\tex\latex\ulem\ulem.sty
\UL@box=\box71
\UL@hyphenbox=\box72
\UL@skip=\skip70
\UL@hook=\toks43
\UL@height=\dimen311
\UL@pe=\count330
\UL@pixel=\dimen312
\ULC@box=\box73
Package: ulem 2012/05/18
\ULdepth=\dimen313
)
(C:\Users\Li\AppData\Roaming\MiKTeX\2.9\tex\latex\environ\environ.sty
Package: environ 2014/05/04 v0.3 A new way to define environments

(C:\Users\Li\AppData\Roaming\MiKTeX\2.9\tex\latex\trimspaces\trimspaces.sty
Package: trimspaces 2009/09/17 v1.1 Trim spaces around a token list
))
(C:\Users\Li\AppData\Roaming\MiKTeX\2.9\tex\latex\cjk\CJKfntef.sty
Package: CJKfntef 2015/04/18 4.8.4
\CJK@fntefSkip=\skip71
\CJK@nest=\count331
\CJK@fntefDimen=\dimen314
\CJK@underdotBox=\box74
\CJK@ULbox=\box75
\CJK@underanyskip=\dimen315
)
\l__xeCJK_space_skip=\skip72
\c__xeCJK_ulem-begin_node_dim=\dimen316
\c__xeCJK_null_box=\box76
.................................................
. LaTeX info: "xparse/define-command"
. 
. Defining command \xeCJKfntefon with sig. 'st-so' on line 657.
.................................................
.................................................
. LaTeX info: "xparse/redefine-command"
. 
. Redefining command \CJKunderline with sig. 'st-so' on line 673.
.................................................
.................................................
. LaTeX info: "xparse/redefine-command"
. 
. Redefining command \varCJKunderline with sig. '' on line 675.
.................................................
.................................................
. LaTeX info: "xparse/redefine-command"
. 
. Redefining command \CJKunderwave with sig. 'st-so' on line 685.
.................................................
.................................................
. LaTeX info: "xparse/redefine-command"
. 
. Redefining command \CJKunderdblline with sig. 'st-so' on line 709.
.................................................
.................................................
. LaTeX info: "xparse/redefine-command"
. 
. Redefining command \CJKsout with sig. 'st-so' on line 728.
.................................................
.................................................
. LaTeX info: "xparse/redefine-command"
. 
. Redefining command \CJKxout with sig. 'st-so' on line 745.
.................................................
.................................................
. LaTeX info: "xparse/redefine-command"
. 
. Redefining command \CJKunderanyline with sig. 'st-somm' on line 766.
.................................................
\l__xeCJK_fntef_box=\box77
.................................................
. LaTeX info: "xparse/redefine-command"
. 
. Redefining command \CJKunderanysymbol with sig. 'ommm' on line 940.
.................................................
.................................................
. LaTeX info: "xparse/redefine-command"
. 
. Redefining command \CJKunderdot with sig. 'om' on line 949.
.................................................
\l__xeCJK_under_symbol_box=\box78
.................................................
. LaTeX info: "xparse/redefine-environment"
. 
. Redefining environment 'CJKfilltwosides' with sig. 'O{c}m' on line 1053.
.................................................
\c__xeCJK_filll_skip=\skip73
)
\ccwd=\dimen317
\l__ctex_ccglue_skip=\skip74
)
.................................................
. LaTeX info: "xparse/define-command"
. 
. Defining command \ctexset with sig. '' on line 381.
.................................................
.................................................
. LaTeX info: "xparse/define-command"
. 
. Defining command \CTEXsetup with sig. '+o>{\TrimSpaces }m' on line 387.
.................................................
.................................................
. LaTeX info: "xparse/define-command"
. 
. Defining command \CTEXoptions with sig. '+o' on line 393.
.................................................
.................................................
. LaTeX info: "xparse/define-command"
. 
. Defining command \CTEXsetfont with sig. '' on line 411.
.................................................
.................................................
. LaTeX info: "xparse/define-command"
. 
. Defining command \ziju with sig. 'm' on line 483.
.................................................
\l__ctex_ziju_dim=\dimen318
.................................................
. LaTeX info: "xparse/define-command"
. 
. Defining command \CTEXindent with sig. '' on line 524.
.................................................
.................................................
. LaTeX info: "xparse/define-command"
. 
. Defining command \CTEXnoindent with sig. '' on line 530.
.................................................

(C:\Users\Li\AppData\Roaming\MiKTeX\2.9\tex\latex\zhnumber\zhnumber.sty
Package: zhnumber 2018/01/28 v2.6 Typesetting numbers with Chinese glyphs
.................................................
. LaTeX info: "xparse/define-command"
. 
. Defining command \zhnumber with sig. '+o+m' on line 50.
.................................................
.................................................
. LaTeX info: "xparse/define-command"
. 
. Defining command \zhnumberwithoptions with sig. '+m+m' on line 57.
.................................................
.................................................
. LaTeX info: "xparse/define-command"
. 
. Defining command \zhnum with sig. '+o+m' on line 111.
.................................................
.................................................
. LaTeX info: "xparse/define-command"
. 
. Defining command \zhnumwithoptions with sig. '+m+m' on line 118.
.................................................
.................................................
. LaTeX info: "xparse/define-command"
. 
. Defining command \zhdig with sig. '+o+m' on line 295.
.................................................
.................................................
. LaTeX info: "xparse/define-command"
. 
. Defining command \zhdigwithoptions with sig. '+m+m' on line 302.
.................................................
.................................................
. LaTeX info: "xparse/define-command"
. 
. Defining command \zhdigits with sig. '+s+o+m' on line 316.
.................................................
.................................................
. LaTeX info: "xparse/define-command"
. 
. Defining command \zhdigitswithoptions with sig. '+m+m+m' on line 323.
.................................................
.................................................
. LaTeX info: "xparse/define-command"
. 
. Defining command \zhdate with sig. '+s+m' on line 382.
.................................................
\l__zhnum_scale_int=\count332
.................................................
. LaTeX info: "xparse/define-command"
. 
. Defining command \zhnumExtendScaleMap with sig. '>{\TrimSpaces }+o+m' on
. line 504.
.................................................
.................................................
. LaTeX info: "xparse/define-command"
. 
. Defining command \zhnumsetup with sig. '+m' on line 934.
.................................................

(C:\Users\Li\AppData\Roaming\MiKTeX\2.9\tex\latex\zhnumber\zhnumber-utf8.cfg
File: zhnumber-utf8.cfg 2018/01/28 v2.6 Chinese numerals with UTF8 encoding
))
.................................................
. LaTeX info: "xparse/define-command"
. 
. Defining command \CTEXnumber with sig. 'mm' on line 547.
.................................................
.................................................
. LaTeX info: "xparse/define-command"
. 
. Defining command \CTEXdigits with sig. 'mm' on line 549.
.................................................
.................................................
. LaTeX info: "xparse/define-command"
. 
. Defining command \ctex_assign_heading_name:nn with sig. 'm>{\SplitArgument
. {\c_one }{,}}+m' on line 662.
.................................................
.................................................
. LaTeX info: "xparse/redefine-command"
. 
. Redefining command \refstepcounter with sig. 'm' on line 758.
.................................................

("D:\System Files\MiKTeX 2.9\tex\latex\ctex\scheme\ctex-scheme-chinese-beamer.d
ef"
File: ctex-scheme-chinese-beamer.def 2018/05/02 v2.4.14 Chinese scheme for beam
er (CTEX)
 ("D:\System Files\MiKTeX 2.9\tex\latex\ctex\config\ctex-name-utf8.cfg"
File: ctex-name-utf8.cfg 2018/05/02 v2.4.14 Caption with encoding UTF8 (CTEX)
))
.................................................
. LaTeX info: "xparse/define-command"
. 
. Defining command \zihao with sig. 'm' on line 761.
.................................................
.................................................
. LaTeX info: "xparse/define-command"
. 
. Defining command \CTeX with sig. '' on line 865.
.................................................

("D:\System Files\MiKTeX 2.9\tex\latex\ctex\fontset\ctex-fontset-windows.def"
File: ctex-fontset-windows.def 2018/05/02 v2.4.14 Windows fonts definition (CTE
X)

("D:\System Files\MiKTeX 2.9\tex\latex\ctex\fontset\ctex-fontset-windowsnew.def
"
File: ctex-fontset-windowsnew.def 2018/05/02 v2.4.14 Windows fonts definition f
or Vista or later version (CTEX)
\g__fontspec_family_SimSun_int=\count333
.................................................
. fontspec info: "no-font-shape"
. 
. Could not resolve font "KaiTi/B" (it probably doesn't exist).
.................................................
.................................................
. fontspec info: "no-font-shape"
. 
. Could not resolve font "SimHei/I" (it probably doesn't exist).
.................................................
.................................................
. fontspec info: "no-font-shape"
. 
. Could not resolve font "SimSun/BI" (it probably doesn't exist).
.................................................
.................................................
. fontspec info: "defining-font"
. 
. Font family 'SimSun(0)' created for font 'SimSun' with options
. [Script={CJK},BoldFont={SimHei},ItalicFont={KaiTi}].
.  
.  This font family consists of the following NFSS series/shapes:
.  
. - 'normal' (m/n) with NFSS spec.: <->"SimSun/OT:script=hani;language=DFLT;"
. - 'small caps'  (m/sc) with NFSS spec.: 
. - 'bold' (bx/n) with NFSS spec.: <->"SimHei/OT:script=hani;language=DFLT;"
. - 'bold small caps'  (bx/sc) with NFSS spec.: 
. - 'italic' (m/it) with NFSS spec.: <->"KaiTi/OT:script=hani;language=DFLT;"
. - 'italic small caps'  (m/itsc) with NFSS spec.: 
.................................................
.................................................
. LaTeX info: "xparse/define-command"
. 
. Defining command \songti with sig. '' on line 111.
.................................................
.................................................
. LaTeX info: "xparse/define-command"
. 
. Defining command \heiti with sig. '' on line 112.
.................................................
.................................................
. LaTeX info: "xparse/define-command"
. 
. Defining command \fangsong with sig. '' on line 113.
.................................................
.................................................
. LaTeX info: "xparse/define-command"
. 
. Defining command \kaishu with sig. '' on line 114.
.................................................
.................................................
. LaTeX info: "xparse/define-command"
. 
. Defining command \lishu with sig. '' on line 115.
.................................................
.................................................
. LaTeX info: "xparse/define-command"
. 
. Defining command \youyuan with sig. '' on line 116.
.................................................
.................................................
. LaTeX info: "xparse/define-command"
. 
. Defining command \yahei with sig. '' on line 117.
.................................................
))) ("D:\System Files\MiKTeX 2.9\tex\latex\ctex\config\ctex.cfg"
File: ctex.cfg 2018/05/02 v2.4.14 Configuration file (CTEX)
)
(C:\Users\Li\AppData\Roaming\MiKTeX\2.9\tex\latex\beamer\beamerthemeMadrid.sty
(C:\Users\Li\AppData\Roaming\MiKTeX\2.9\tex\latex\beamer\beamercolorthemewhale.
sty)
(C:\Users\Li\AppData\Roaming\MiKTeX\2.9\tex\latex\beamer\beamercolorthemeorchid
.sty)
(C:\Users\Li\AppData\Roaming\MiKTeX\2.9\tex\latex\beamer\beamerinnerthemerounde
d.sty)
(C:\Users\Li\AppData\Roaming\MiKTeX\2.9\tex\latex\beamer\beamerouterthemeinfoli
nes.sty))
(C:\Users\Li\AppData\Roaming\MiKTeX\2.9\tex\latex\setspace\setspace.sty
Package: setspace 2011/12/19 v6.7a set line spacing
)
(C:\Users\Li\AppData\Roaming\MiKTeX\2.9\tex\latex\listings\listings.sty
\lst@mode=\count334
\lst@gtempboxa=\box79
\lst@token=\toks44
\lst@length=\count335
\lst@currlwidth=\dimen319
\lst@column=\count336
\lst@pos=\count337
\lst@lostspace=\dimen320
\lst@width=\dimen321
\lst@newlines=\count338
\lst@lineno=\count339
\lst@maxwidth=\dimen322

(C:\Users\Li\AppData\Roaming\MiKTeX\2.9\tex\latex\listings\lstmisc.sty
File: lstmisc.sty 2015/06/04 1.6 (Carsten Heinz)
\c@lstnumber=\count340
\lst@skipnumbers=\count341
\lst@framebox=\box80
)
(C:\Users\Li\AppData\Roaming\MiKTeX\2.9\tex\latex\listings\listings.cfg
File: listings.cfg 2015/06/04 1.6 listings configuration
))
Package: listings 2015/06/04 1.6 (Carsten Heinz)

(C:\Users\Li\AppData\Roaming\MiKTeX\2.9\tex\latex\listings\lstlang1.sty
File: lstlang1.sty 2015/06/04 1.6 listings language file
)
(C:\Users\Li\AppData\Roaming\MiKTeX\2.9\tex\latex\listings\lstlang1.sty
File: lstlang1.sty 2015/06/04 1.6 listings language file
)
(C:\Users\Li\AppData\Roaming\MiKTeX\2.9\tex\latex\listings\lstmisc.sty
File: lstmisc.sty 2015/06/04 1.6 (Carsten Heinz)
)
\g__fontspec_family_MicrosoftYaHei_int=\count342
.................................................
. fontspec info: "no-font-shape"
. 
. Could not resolve font "Microsoft YaHei Bold/I" (it probably doesn't exist).
.................................................
.................................................
. fontspec info: "no-font-shape"
. 
. Could not resolve font "Microsoft YaHei/I" (it probably doesn't exist).
.................................................
.................................................
. fontspec info: "defining-font"
. 
. Font family 'MicrosoftYaHei(0)' created for font 'Microsoft YaHei' with
. options [Script={CJK},BoldFont={* Bold}].
.  
.  This font family consists of the following NFSS series/shapes:
.  
. - 'normal' (m/n) with NFSS spec.: <->"Microsoft
. YaHei/OT:script=hani;language=DFLT;"
. - 'small caps'  (m/sc) with NFSS spec.: 
. - 'bold' (bx/n) with NFSS spec.: <->"Microsoft YaHei
. Bold/OT:script=hani;language=DFLT;"
. - 'bold small caps'  (bx/sc) with NFSS spec.: 
. - 'bold italic' (bx/it) with NFSS spec.: <->"Microsoft
. YaHei/BI/OT:script=hani;language=DFLT;"
. - 'bold italic small caps'  (bx/itsc) with NFSS spec.: 
.................................................

(C:\Users\Li\AppData\Roaming\MiKTeX\2.9\tex\xelatex\xecjk\xeCJK-listings.sty
Package: xeCJK-listings 2018/04/30 v3.7.1 xeCJK patch file for listings
\l__xeCJK_listings_max_char_int=\count343
\l__xeCJK_listings_flag_int=\count344
)
(Chapter8.aux)
\openout1 = `Chapter8.aux'.

LaTeX Font Info:    Checking defaults for OML/cmm/m/it on input line 90.
LaTeX Font Info:    ... okay on input line 90.
LaTeX Font Info:    Checking defaults for T1/cmr/m/n on input line 90.
LaTeX Font Info:    ... okay on input line 90.
LaTeX Font Info:    Checking defaults for OT1/cmr/m/n on input line 90.
LaTeX Font Info:    ... okay on input line 90.
LaTeX Font Info:    Checking defaults for OMS/cmsy/m/n on input line 90.
LaTeX Font Info:    ... okay on input line 90.
LaTeX Font Info:    Checking defaults for TU/lmr/m/n on input line 90.
LaTeX Font Info:    ... okay on input line 90.
LaTeX Font Info:    Checking defaults for OMX/cmex/m/n on input line 90.
LaTeX Font Info:    ... okay on input line 90.
LaTeX Font Info:    Checking defaults for U/cmr/m/n on input line 90.
LaTeX Font Info:    ... okay on input line 90.
LaTeX Font Info:    Checking defaults for TS1/cmr/m/n on input line 90.
LaTeX Font Info:    ... okay on input line 90.
LaTeX Font Info:    Checking defaults for PD1/pdf/m/n on input line 90.
LaTeX Font Info:    ... okay on input line 90.
LaTeX Font Info:    Checking defaults for PU/pdf/m/n on input line 90.
LaTeX Font Info:    ... okay on input line 90.
 ABD: EverySelectfont initializing macros
LaTeX Info: Redefining \selectfont on input line 90.

*geometry* detected driver: pdftex
*geometry* verbose mode - [ preamble ] result:
* driver: pdftex
* paper: custom
* layout: <same size as paper>
* layoutoffset:(h,v)=(0.0pt,0.0pt)
* modes: includehead includefoot 
* h-part:(L,W,R)=(10.0pt, 344.19536pt, 10.0pt)
* v-part:(T,H,B)=(0.0pt, 273.14662pt, 0.0pt)
* \paperwidth=364.19536pt
* \paperheight=273.14662pt
* \textwidth=344.19536pt
* \textheight=244.6939pt
* \oddsidemargin=-62.26999pt
* \evensidemargin=-62.26999pt
* \topmargin=-72.26999pt
* \headheight=14.22636pt
* \headsep=0.0pt
* \topskip=10.0pt
* \footskip=14.22636pt
* \marginparwidth=3.0pt
* \marginparsep=11.0pt
* \columnsep=10.0pt
* \skip\footins=9.0pt plus 4.0pt minus 2.0pt
* \hoffset=0.0pt
* \voffset=0.0pt
* \mag=1000
* \@twocolumnfalse
* \@twosidefalse
* \@mparswitchfalse
* \@reversemarginfalse
* (1in=72.27pt=25.4mm, 1cm=28.453pt)

ABD: EveryShipout initializing macros
\AtBeginShipoutBox=\box81
Package hyperref Info: Link coloring OFF on input line 90.

("D:\System Files\MiKTeX 2.9\tex\latex\hyperref\nameref.sty"
Package: nameref 2016/05/21 v2.44 Cross-referencing by name of section

("D:\System Files\MiKTeX 2.9\tex\generic\oberdiek\gettitlestring.sty"
Package: gettitlestring 2016/05/16 v1.5 Cleanup title references (HO)
)
\c@section@level=\count345
)
LaTeX Info: Redefining \ref on input line 90.
LaTeX Info: Redefining \pageref on input line 90.
LaTeX Info: Redefining \nameref on input line 90.

(Chapter8.out) (Chapter8.out)
\@outlinefile=\write5
\openout5 = `Chapter8.out'.

LaTeX Font Info:    Overwriting symbol font `operators' in version `normal'
(Font)                  OT1/cmr/m/n --> OT1/cmss/m/n on input line 90.
LaTeX Font Info:    Overwriting symbol font `operators' in version `bold'
(Font)                  OT1/cmr/bx/n --> OT1/cmss/bx/n on input line 90.
\symnumbers=\mathgroup6
\sympureletters=\mathgroup7
LaTeX Font Info:    Overwriting math alphabet `\mathrm' in version `normal'
(Font)                  OT1/cmss/m/n --> TU/lmr/m/n on input line 90.
LaTeX Font Info:    Redeclaring math alphabet \mathbf on input line 90.
LaTeX Font Info:    Overwriting math alphabet `\mathbf' in version `normal'
(Font)                  OT1/cmr/bx/n --> TU/lmss/bx/n on input line 90.
LaTeX Font Info:    Overwriting math alphabet `\mathbf' in version `bold'
(Font)                  OT1/cmr/bx/n --> TU/lmss/bx/n on input line 90.
LaTeX Font Info:    Redeclaring math alphabet \mathsf on input line 90.
LaTeX Font Info:    Overwriting math alphabet `\mathsf' in version `normal'
(Font)                  OT1/cmss/m/n --> TU/lmss/m/n on input line 90.
LaTeX Font Info:    Overwriting math alphabet `\mathsf' in version `bold'
(Font)                  OT1/cmss/bx/n --> TU/lmss/m/n on input line 90.
LaTeX Font Info:    Redeclaring math alphabet \mathit on input line 90.
LaTeX Font Info:    Overwriting math alphabet `\mathit' in version `normal'
(Font)                  OT1/cmr/m/it --> TU/lmss/m/it on input line 90.
LaTeX Font Info:    Overwriting math alphabet `\mathit' in version `bold'
(Font)                  OT1/cmr/bx/it --> TU/lmss/m/it on input line 90.
LaTeX Font Info:    Redeclaring math alphabet \mathtt on input line 90.
LaTeX Font Info:    Overwriting math alphabet `\mathtt' in version `normal'
(Font)                  OT1/cmtt/m/n --> TU/lmtt/m/n on input line 90.
LaTeX Font Info:    Overwriting math alphabet `\mathtt' in version `bold'
(Font)                  OT1/cmtt/m/n --> TU/lmtt/m/n on input line 90.
LaTeX Font Info:    Overwriting symbol font `numbers' in version `bold'
(Font)                  TU/lmss/m/n --> TU/lmss/bx/n on input line 90.
LaTeX Font Info:    Overwriting symbol font `pureletters' in version `bold'
(Font)                  TU/lmss/m/it --> TU/lmss/bx/it on input line 90.
LaTeX Font Info:    Overwriting math alphabet `\mathrm' in version `bold'
(Font)                  OT1/cmss/bx/n --> TU/lmr/bx/n on input line 90.
LaTeX Font Info:    Overwriting math alphabet `\mathbf' in version `bold'
(Font)                  TU/lmss/bx/n --> TU/lmss/bx/n on input line 90.
LaTeX Font Info:    Overwriting math alphabet `\mathsf' in version `bold'
(Font)                  TU/lmss/m/n --> TU/lmss/bx/n on input line 90.
LaTeX Font Info:    Overwriting math alphabet `\mathit' in version `bold'
(Font)                  TU/lmss/m/it --> TU/lmss/bx/it on input line 90.
LaTeX Font Info:    Overwriting math alphabet `\mathtt' in version `bold'
(Font)                  TU/lmtt/m/n --> TU/lmtt/bx/n on input line 90.

(C:\Users\Li\AppData\Roaming\MiKTeX\2.9\tex\latex\translator\translator-basic-d
ictionary-English.dict
Dictionary: translator-basic-dictionary, Language: English 
)
(C:\Users\Li\AppData\Roaming\MiKTeX\2.9\tex\latex\translator\translator-bibliog
raphy-dictionary-English.dict
Dictionary: translator-bibliography-dictionary, Language: English 
)
(C:\Users\Li\AppData\Roaming\MiKTeX\2.9\tex\latex\translator\translator-environ
ment-dictionary-English.dict
Dictionary: translator-environment-dictionary, Language: English 
)
(C:\Users\Li\AppData\Roaming\MiKTeX\2.9\tex\latex\translator\translator-months-
dictionary-English.dict
Dictionary: translator-months-dictionary, Language: English 
)
(C:\Users\Li\AppData\Roaming\MiKTeX\2.9\tex\latex\translator\translator-numbers
-dictionary-English.dict
Dictionary: translator-numbers-dictionary, Language: English 
)
(C:\Users\Li\AppData\Roaming\MiKTeX\2.9\tex\latex\translator\translator-theorem
-dictionary-English.dict
Dictionary: translator-theorem-dictionary, Language: English 
)
("D:\System Files\MiKTeX 2.9\tex\latex\ctex\dictionary\translator-theorem-dicti
onary-ChineseUTF8.dict"
Dictionary: translator-theorem-dictionary, Language: ChineseUTF8 2018/05/01 v2.
4.14 Chinese translation for theorem name (CTEX)
)
.................................................
. fontspec info: "setup-math"
. 
. Adjusting the maths setup (use [no-math] to avoid this).
.................................................
\symlegacymaths=\mathgroup8
LaTeX Font Info:    Overwriting symbol font `legacymaths' in version `bold'
(Font)                  OT1/cmr/m/n --> OT1/cmr/bx/n on input line 90.
LaTeX Font Info:    Redeclaring math accent \acute on input line 90.
LaTeX Font Info:    Redeclaring math accent \grave on input line 90.
LaTeX Font Info:    Redeclaring math accent \ddot on input line 90.
LaTeX Font Info:    Redeclaring math accent \tilde on input line 90.
LaTeX Font Info:    Redeclaring math accent \bar on input line 90.
LaTeX Font Info:    Redeclaring math accent \breve on input line 90.
LaTeX Font Info:    Redeclaring math accent \check on input line 90.
LaTeX Font Info:    Redeclaring math accent \hat on input line 90.
LaTeX Font Info:    Redeclaring math accent \dot on input line 90.
LaTeX Font Info:    Redeclaring math accent \mathring on input line 90.
LaTeX Font Info:    Redeclaring math symbol \Gamma on input line 90.
LaTeX Font Info:    Redeclaring math symbol \Delta on input line 90.
LaTeX Font Info:    Redeclaring math symbol \Theta on input line 90.
LaTeX Font Info:    Redeclaring math symbol \Lambda on input line 90.
LaTeX Font Info:    Redeclaring math symbol \Xi on input line 90.
LaTeX Font Info:    Redeclaring math symbol \Pi on input line 90.
LaTeX Font Info:    Redeclaring math symbol \Sigma on input line 90.
LaTeX Font Info:    Redeclaring math symbol \Upsilon on input line 90.
LaTeX Font Info:    Redeclaring math symbol \Phi on input line 90.
LaTeX Font Info:    Redeclaring math symbol \Psi on input line 90.
LaTeX Font Info:    Redeclaring math symbol \Omega on input line 90.
LaTeX Font Info:    Redeclaring math symbol \mathdollar on input line 90.
LaTeX Font Info:    Redeclaring symbol font `operators' on input line 90.
LaTeX Font Info:    Encoding `OT1' has changed to `TU' for symbol font
(Font)              `operators' in the math version `normal' on input line 90.
LaTeX Font Info:    Overwriting symbol font `operators' in version `normal'
(Font)                  OT1/cmss/m/n --> TU/lmr/m/n on input line 90.
LaTeX Font Info:    Encoding `OT1' has changed to `TU' for symbol font
(Font)              `operators' in the math version `bold' on input line 90.
LaTeX Font Info:    Overwriting symbol font `operators' in version `bold'
(Font)                  OT1/cmss/bx/n --> TU/lmr/m/n on input line 90.
LaTeX Font Info:    Overwriting symbol font `operators' in version `normal'
(Font)                  TU/lmr/m/n --> TU/lmr/m/n on input line 90.
LaTeX Font Info:    Redeclaring math alphabet \mathrm on input line 90.
LaTeX Font Info:    Overwriting math alphabet `\mathit' in version `normal'
(Font)                  TU/lmss/m/it --> TU/lmr/m/it on input line 90.
LaTeX Font Info:    Overwriting math alphabet `\mathbf' in version `normal'
(Font)                  TU/lmss/bx/n --> TU/lmr/bx/n on input line 90.
LaTeX Font Info:    Overwriting math alphabet `\mathsf' in version `normal'
(Font)                  TU/lmss/m/n --> TU/lmss/m/n on input line 90.
LaTeX Font Info:    Overwriting math alphabet `\mathtt' in version `normal'
(Font)                  TU/lmtt/m/n --> TU/lmtt/m/n on input line 90.
LaTeX Font Info:    Overwriting symbol font `operators' in version `bold'
(Font)                  TU/lmr/m/n --> TU/lmr/bx/n on input line 90.
LaTeX Font Info:    Overwriting math alphabet `\mathit' in version `bold'
(Font)                  TU/lmss/bx/it --> TU/lmr/bx/it on input line 90.
LaTeX Font Info:    Overwriting math alphabet `\mathsf' in version `bold'
(Font)                  TU/lmss/bx/n --> TU/lmss/bx/n on input line 90.
LaTeX Font Info:    Overwriting math alphabet `\mathtt' in version `bold'
(Font)                  TU/lmtt/bx/n --> TU/lmtt/bx/n on input line 90.
\c@lstlisting=\count346
 (Chapter8.nav) [1

] (Chapter8.toc) (Chapter8.toc)
[2

]
\openout4 = `Chapter8.vrb'.

 (Chapter8.vrb) [3

] (Chapter8.vrb) [4

] (Chapter8.vrb) [5

]
\openout4 = `Chapter8.vrb'.

 (Chapter8.vrb
\g__fontspec_family_FangSong_int=\count347
.................................................
. fontspec info: "no-font-shape"
. 
. Could not resolve font "FangSong/BI" (it probably doesn't exist).
.................................................
.................................................
. fontspec info: "no-font-shape"
. 
. Could not resolve font "FangSong/B" (it probably doesn't exist).
.................................................
.................................................
. fontspec info: "no-font-shape"
. 
. Could not resolve font "FangSong/I" (it probably doesn't exist).
.................................................
.................................................
. fontspec info: "defining-font"
. 
. Font family 'FangSong(0)' created for font 'FangSong' with options
. [Script={CJK}].
.  
.  This font family consists of the following NFSS series/shapes:
.  
. - 'normal' (m/n) with NFSS spec.:
. <->"FangSong/OT:script=hani;language=DFLT;"
. - 'small caps'  (m/sc) with NFSS spec.: 
.................................................
)
[6

] (Chapter8.vrb) [7

] (Chapter8.vrb) [8

]
\openout4 = `Chapter8.vrb'.

 (Chapter8.vrb) [9

] (Chapter8.vrb)
[10

] (Chapter8.vrb) [11

] (Chapter8.vrb) [12

]
\openout4 = `Chapter8.vrb'.

 (Chapter8.vrb
LaTeX Font Info:    Try loading font information for U+msa on input line 18.

("D:\System Files\MiKTeX 2.9\tex\latex\amsfonts\umsa.fd"
File: umsa.fd 2013/01/14 v3.01 AMS symbols A
)
LaTeX Font Info:    Try loading font information for U+msb on input line 18.

("D:\System Files\MiKTeX 2.9\tex\latex\amsfonts\umsb.fd"
File: umsb.fd 2013/01/14 v3.01 AMS symbols B
)
LaTeX Font Info:    Font shape `TU/lmss/m/it' in size <8> not available
(Font)              Font shape `TU/lmss/m/sl' tried instead on input line 18.
LaTeX Font Info:    Font shape `TU/lmss/m/it' in size <6> not available
(Font)              Font shape `TU/lmss/m/sl' tried instead on input line 18.
LaTeX Font Info:    Font shape `TU/lmss/m/it' in size <5> not available
(Font)              Font shape `TU/lmss/m/sl' tried instead on input line 18.
) [13

] (Chapter8.vrb)
[14

] (Chapter8.vrb) [15

] (Chapter8.vrb) [16

] (Chapter8.vrb) [17

]
\openout4 = `Chapter8.vrb'.

 (Chapter8.vrb) [18

] (Chapter8.vrb) [19

]
\openout4 = `Chapter8.vrb'.

 (Chapter8.vrb) [20

] (Chapter8.vrb) [21

] (Chapter8.vrb) [22

] (Chapter8.vrb) [23

]
\openout4 = `Chapter8.vrb'.

 (Chapter8.vrb) [24

] (Chapter8.vrb) [25

]
(Chapter8.vrb) [26

]
\openout4 = `Chapter8.vrb'.

 (Chapter8.vrb) [27

] (Chapter8.vrb) [28

] (Chapter8.vrb)
[29

] (Chapter8.vrb) [30

]
\openout4 = `Chapter8.vrb'.

 (Chapter8.vrb) [31

] (Chapter8.vrb) [32

]
\openout4 = `Chapter8.vrb'.

 (Chapter8.vrb) [33

] (Chapter8.vrb) [34

] (Chapter8.vrb) [35

]
\openout4 = `Chapter8.vrb'.

 (Chapter8.vrb) [36

] (Chapter8.vrb) [37

] (Chapter8.vrb) [38

] (Chapter8.vrb) [39

]
\openout4 = `Chapter8.vrb'.

 (Chapter8.vrb) [40

]
(Chapter8.vrb) [41

] (Chapter8.vrb) [42

]
\openout4 = `Chapter8.vrb'.

 (Chapter8.vrb) [43

] (Chapter8.vrb)
[44

] (Chapter8.vrb) [45

] (Chapter8.vrb) [46

]
\openout4 = `Chapter8.vrb'.

 (Chapter8.vrb) [47

] (Chapter8.vrb) [48

] (Chapter8.vrb) [49

] (Chapter8.vrb) [50

] (Chapter8.vrb) [51

]
\openout4 = `Chapter8.vrb'.

 (Chapter8.vrb) [52

] (Chapter8.vrb) [53

] (Chapter8.vrb) [54

]
\openout4 = `Chapter8.vrb'.

 (Chapter8.vrb) [55

]
\openout4 = `Chapter8.vrb'.


(Chapter8.vrb) [56

]
\openout4 = `Chapter8.vrb'.

 (Chapter8.vrb) [57

]
\openout4 = `Chapter8.vrb'.

 (Chapter8.vrb) [58

] (Chapter8.vrb)
[59

]
\openout4 = `Chapter8.vrb'.

 (Chapter8.vrb) [60

] (Chapter8.vrb) [61

] (Chapter8.vrb) [62

] (Chapter8.vrb) [63

] (Chapter8.vrb) [64

]
\openout4 = `Chapter8.vrb'.

 (Chapter8.vrb) [65

] (Chapter8.vrb) [66

]
\openout4 = `Chapter8.vrb'.

 (Chapter8.vrb) [67

] (Chapter8.vrb) [68

] (Chapter8.vrb) [69

] (Chapter8.vrb) [70

]
\openout4 = `Chapter8.vrb'.


(Chapter8.vrb) [71

]
\openout4 = `Chapter8.vrb'.

 (Chapter8.vrb
File: array.png Graphic file (type bmp)
<array.png>
File: linked_list.png Graphic file (type bmp)
<linked_list.png>
) [72

] (Chapter8.vrb
File: array.png Graphic file (type bmp)
<array.png>
File: linked_list.png Graphic file (type bmp)
<linked_list.png>
) [73

] (Chapter8.vrb
File: array.png Graphic file (type bmp)
<array.png>
File: linked_list.png Graphic file (type bmp)
<linked_list.png>
)
[74

]
\openout4 = `Chapter8.vrb'.

 (Chapter8.vrb
File: node.jpg Graphic file (type bmp)
<node.jpg>
) [75

] (Chapter8.vrb
File: node.jpg Graphic file (type bmp)
<node.jpg>
) [76

]
\openout4 = `Chapter8.vrb'.

 (Chapter8.vrb
File: linked_list_2.jpg Graphic file (type bmp)
<linked_list_2.jpg>
) [77

] (Chapter8.vrb
File: linked_list_2.jpg Graphic file (type bmp)
<linked_list_2.jpg>
) [78

]
\openout4 = `Chapter8.vrb'.

 (Chapter8.vrb
File: push_back.png Graphic file (type bmp)
<push_back.png>
) [79

] (Chapter8.vrb
File: push_back.png Graphic file (type bmp)
<push_back.png>
) [80

]
\openout4 = `Chapter8.vrb'.

 (Chapter8.vrb
File: insert.png Graphic file (type bmp)
<insert.png>
) [81

] (Chapter8.vrb
File: insert.png Graphic file (type bmp)
<insert.png>
) [82

] (Chapter8.vrb
File: insert.png Graphic file (type bmp)
<insert.png>
) [83

]
\openout4 = `Chapter8.vrb'.

 (Chapter8.vrb) [84

]
\openout4 = `Chapter8.vrb'.

 (Chapter8.vrb
File: erase.png Graphic file (type bmp)
<erase.png>
) [85

]
(Chapter8.vrb
File: erase.png Graphic file (type bmp)
<erase.png>
) [86

]
\openout4 = `Chapter8.vrb'.

 (Chapter8.vrb) [87

] (Chapter8.vrb) [88

]
\openout4 = `Chapter8.vrb'.

 (Chapter8.vrb)
Overfull \vbox (2.8198pt too high) detected at line 1572
 []

[89

] (Chapter8.vrb)
Overfull \vbox (2.8198pt too high) detected at line 1572
 []

[90

]
\openout4 = `Chapter8.vrb'.

 (Chapter8.vrb) [91

] (Chapter8.vrb) [92

] (Chapter8.vrb) [93

]
\openout4 = `Chapter8.vrb'.

 (Chapter8.vrb)
Overfull \vbox (2.21138pt too high) detected at line 1692
 []

[94

] (Chapter8.vrb)
Overfull \vbox (2.21138pt too high) detected at line 1692
 []

[95

] (Chapter8.vrb)
Overfull \vbox (2.21138pt too high) detected at line 1692
 []

[96

]
\openout4 = `Chapter8.vrb'.

 (Chapter8.vrb) [97

] (Chapter8.vrb) [98

]
\openout4 = `Chapter8.vrb'.

 (Chapter8.vrb
File: stack.jpg Graphic file (type bmp)
<stack.jpg>
) [99

]
\openout4 = `Chapter8.vrb'.

 (Chapter8.vrb) [100

]
\openout4 = `Chapter8.vrb'.

 (Chapter8.vrb) [101

] (Chapter8.vrb) [102

]
\openout4 = `Chapter8.vrb'.

 (Chapter8.vrb) [103

]
(Chapter8.vrb) [104

]
\openout4 = `Chapter8.vrb'.

 (Chapter8.vrb) [105

] (Chapter8.vrb
File: calculate_1.png Graphic file (type bmp)
<calculate_1.png>
) [106

] (Chapter8.vrb
File: calculate_2.png Graphic file (type bmp)
<calculate_2.png>
)
[107

] (Chapter8.vrb
File: calculate_3.png Graphic file (type bmp)
<calculate_3.png>
) [108

] (Chapter8.vrb
File: calculate_4.png Graphic file (type bmp)
<calculate_4.png>
) [109

] (Chapter8.vrb
File: calculate_5.png Graphic file (type bmp)
<calculate_5.png>
) [110

]
(Chapter8.vrb
File: calculate_6.png Graphic file (type bmp)
<calculate_6.png>
) [111

] (Chapter8.vrb
File: calculate_7.png Graphic file (type bmp)
<calculate_7.png>
) [112

] (Chapter8.vrb
File: calculate_8.png Graphic file (type bmp)
<calculate_8.png>
) [113

] (Chapter8.vrb
File: calculate_9.png Graphic file (type bmp)
<calculate_9.png>
)
[114

] (Chapter8.vrb
File: calculate_10.png Graphic file (type bmp)
<calculate_10.png>
) [115

] (Chapter8.vrb
File: calculate_11.png Graphic file (type bmp)
<calculate_11.png>
) [116

] (Chapter8.vrb
File: calculate_12.png Graphic file (type bmp)
<calculate_12.png>
) [117

]
(Chapter8.vrb
File: calculate_13.png Graphic file (type bmp)
<calculate_13.png>
) [118

] (Chapter8.vrb
File: calculate_14.png Graphic file (type bmp)
<calculate_14.png>
) [119

] (Chapter8.vrb
File: calculate_15.png Graphic file (type bmp)
<calculate_15.png>
) [120

] (Chapter8.vrb
File: calculate_16.png Graphic file (type bmp)
<calculate_16.png>
)
[121

] (Chapter8.vrb
File: calculate_17.png Graphic file (type bmp)
<calculate_17.png>
) [122

] (Chapter8.vrb
File: calculate_18.png Graphic file (type bmp)
<calculate_18.png>
) [123

] (Chapter8.vrb
File: calculate_19.png Graphic file (type bmp)
<calculate_19.png>
) [124

]
(Chapter8.vrb
File: calculate_20.png Graphic file (type bmp)
<calculate_20.png>
) [125

]
\openout4 = `Chapter8.vrb'.

 (Chapter8.vrb) [126

]
\openout4 = `Chapter8.vrb'.

 (Chapter8.vrb) [127

]
\openout4 = `Chapter8.vrb'.

 (Chapter8.vrb)
[128

]
\openout4 = `Chapter8.vrb'.

 (Chapter8.vrb) [129

]
\openout4 = `Chapter8.vrb'.

 (Chapter8.vrb) [130

]
\openout4 = `Chapter8.vrb'.

 (Chapter8.vrb
File: array.png Graphic file (type bmp)
<array.png>
File: linked_list.png Graphic file (type bmp)
<linked_list.png>
File: stack.jpg Graphic file (type bmp)
<stack.jpg>
File: tree.png Graphic file (type bmp)
<tree.png>
File: graph.jpg Graphic file (type bmp)
<graph.jpg>
) [131

]
(Chapter8.vrb
File: array.png Graphic file (type bmp)
<array.png>
File: linked_list.png Graphic file (type bmp)
<linked_list.png>
File: stack.jpg Graphic file (type bmp)
<stack.jpg>
File: tree.png Graphic file (type bmp)
<tree.png>
File: graph.jpg Graphic file (type bmp)
<graph.jpg>
) [132

]
\openout4 = `Chapter8.vrb'.

 (Chapter8.vrb
File: tree.png Graphic file (type bmp)
<tree.png>
) [133

] (Chapter8.vrb
File: tree.png Graphic file (type bmp)
<tree.png>
) [134

] (Chapter8.vrb
File: tree.png Graphic file (type bmp)
<tree.png>
)
[135

] (Chapter8.vrb
File: tree.png Graphic file (type bmp)
<tree.png>
) [136

] (Chapter8.vrb
File: tree.png Graphic file (type bmp)
<tree.png>
) [137

] (Chapter8.vrb
File: tree.png Graphic file (type bmp)
<tree.png>
) [138

]
\openout4 = `Chapter8.vrb'.


(Chapter8.vrb
File: binary_tree.png Graphic file (type bmp)
<binary_tree.png>
) [139

] (Chapter8.vrb
File: binary_tree.png Graphic file (type bmp)
<binary_tree.png>
) [140

] (Chapter8.vrb
File: binary_tree.png Graphic file (type bmp)
<binary_tree.png>
) [141

]
\openout4 = `Chapter8.vrb'.

 (Chapter8.vrb)
[142

]
\openout4 = `Chapter8.vrb'.

 (Chapter8.vrb
File: binary_search_tree.png Graphic file (type bmp)
<binary_search_tree.png>
) [143

] (Chapter8.vrb
File: binary_search_tree.png Graphic file (type bmp)
<binary_search_tree.png>
) [144

]
\openout4 = `Chapter8.vrb'.

 (Chapter8.vrb) [145

]
\openout4 = `Chapter8.vrb'.


(Chapter8.vrb) [146

] (Chapter8.vrb) [147

] (Chapter8.vrb
File: create_binary_tree_1.png Graphic file (type bmp)
<create_binary_tree_1.png>
)
Overfull \vbox (6.98125pt too high) detected at line 2366
 []

[148

] (Chapter8.vrb
File: create_binary_tree_2.png Graphic file (type bmp)
<create_binary_tree_2.png>
)
Overfull \vbox (6.98125pt too high) detected at line 2366
 []

[149

] (Chapter8.vrb
File: create_binary_tree_3.png Graphic file (type bmp)
<create_binary_tree_3.png>
)
Overfull \vbox (6.98125pt too high) detected at line 2366
 []

[150

] (Chapter8.vrb
File: create_binary_tree_4.png Graphic file (type bmp)
<create_binary_tree_4.png>
)
Overfull \vbox (6.98125pt too high) detected at line 2366
 []

[151

] (Chapter8.vrb
File: create_binary_tree_5.png Graphic file (type bmp)
<create_binary_tree_5.png>
)
Overfull \vbox (6.98125pt too high) detected at line 2366
 []

[152

] (Chapter8.vrb
File: create_binary_tree_6.png Graphic file (type bmp)
<create_binary_tree_6.png>
)
Overfull \vbox (6.98125pt too high) detected at line 2366
 []

[153

] (Chapter8.vrb
File: create_binary_tree_7.png Graphic file (type bmp)
<create_binary_tree_7.png>
)
Overfull \vbox (6.98125pt too high) detected at line 2366
 []

[154

] (Chapter8.vrb
File: create_binary_tree_8.png Graphic file (type bmp)
<create_binary_tree_8.png>
)
Overfull \vbox (6.98125pt too high) detected at line 2366
 []

[155

] (Chapter8.vrb
File: create_binary_tree_9.png Graphic file (type bmp)
<create_binary_tree_9.png>
) [156

] (Chapter8.vrb
File: create_binary_tree_9.png Graphic file (type bmp)
<create_binary_tree_9.png>
) [157

]
\openout4 = `Chapter8.vrb'.

 (Chapter8.vrb) [158

]
(Chapter8.vrb) [159

] (Chapter8.vrb) [160

]
\openout4 = `Chapter8.vrb'.

 (Chapter8.vrb
File: binary_search_tree.png Graphic file (type bmp)
<binary_search_tree.png>
) [161

] (Chapter8.vrb
File: binary_search_tree.png Graphic file (type bmp)
<binary_search_tree.png>
)
[162

] (Chapter8.vrb
File: binary_search_tree.png Graphic file (type bmp)
<binary_search_tree.png>
) [163

] (Chapter8.vrb
File: binary_search_tree.png Graphic file (type bmp)
<binary_search_tree.png>
) [164

] (Chapter8.vrb
File: binary_search_tree.png Graphic file (type bmp)
<binary_search_tree.png>
) [165

]
(Chapter8.vrb
File: binary_search_tree.png Graphic file (type bmp)
<binary_search_tree.png>
) [166

] (Chapter8.vrb
File: binary_search_tree.png Graphic file (type bmp)
<binary_search_tree.png>
) [167

] (Chapter8.vrb
File: binary_search_tree.png Graphic file (type bmp)
<binary_search_tree.png>
) [168

] (Chapter8.vrb
File: binary_search_tree.png Graphic file (type bmp)
<binary_search_tree.png>
)
[169

] (Chapter8.vrb
File: binary_search_tree.png Graphic file (type bmp)
<binary_search_tree.png>
) [170

] (Chapter8.vrb
File: binary_search_tree.png Graphic file (type bmp)
<binary_search_tree.png>
) [171

] (Chapter8.vrb
File: binary_search_tree.png Graphic file (type bmp)
<binary_search_tree.png>
) [172

]
(Chapter8.vrb
File: binary_search_tree.png Graphic file (type bmp)
<binary_search_tree.png>
) [173

] (Chapter8.vrb
File: binary_search_tree.png Graphic file (type bmp)
<binary_search_tree.png>
) [174

] (Chapter8.vrb
File: binary_search_tree.png Graphic file (type bmp)
<binary_search_tree.png>
) [175

] (Chapter8.vrb
File: binary_search_tree.png Graphic file (type bmp)
<binary_search_tree.png>
)
[176

] (Chapter8.vrb
File: binary_search_tree.png Graphic file (type bmp)
<binary_search_tree.png>
) [177

] (Chapter8.vrb
File: binary_search_tree.png Graphic file (type bmp)
<binary_search_tree.png>
) [178

] (Chapter8.vrb
File: binary_search_tree.png Graphic file (type bmp)
<binary_search_tree.png>
) [179

]
(Chapter8.vrb
File: binary_search_tree.png Graphic file (type bmp)
<binary_search_tree.png>
) [180

] (Chapter8.vrb
File: binary_search_tree.png Graphic file (type bmp)
<binary_search_tree.png>
) [181

] (Chapter8.vrb
File: binary_search_tree.png Graphic file (type bmp)
<binary_search_tree.png>
) [182

] (Chapter8.vrb
File: binary_search_tree.png Graphic file (type bmp)
<binary_search_tree.png>
)
[183

] (Chapter8.vrb
File: binary_search_tree.png Graphic file (type bmp)
<binary_search_tree.png>
) [184

] (Chapter8.vrb
File: binary_search_tree.png Graphic file (type bmp)
<binary_search_tree.png>
) [185

] (Chapter8.vrb
File: binary_search_tree.png Graphic file (type bmp)
<binary_search_tree.png>
) [186

]
(Chapter8.vrb
File: binary_search_tree.png Graphic file (type bmp)
<binary_search_tree.png>
) [187

] (Chapter8.vrb
File: binary_search_tree.png Graphic file (type bmp)
<binary_search_tree.png>
) [188

] (Chapter8.vrb
File: binary_search_tree.png Graphic file (type bmp)
<binary_search_tree.png>
) [189

] (Chapter8.vrb
File: binary_search_tree.png Graphic file (type bmp)
<binary_search_tree.png>
)
[190

] (Chapter8.vrb
File: binary_search_tree.png Graphic file (type bmp)
<binary_search_tree.png>
) [191

] (Chapter8.vrb
File: binary_search_tree.png Graphic file (type bmp)
<binary_search_tree.png>
) [192

]
\openout4 = `Chapter8.vrb'.

 (Chapter8.vrb) [193

]
(Chapter8.vrb) [194

] (Chapter8.vrb) [195

]
\openout4 = `Chapter8.vrb'.

 (Chapter8.vrb) [196

]
\openout4 = `Chapter8.vrb'.

 (Chapter8.vrb)
[197

] (Chapter8.vrb) [198

]
\openout4 = `Chapter8.vrb'.

 (Chapter8.vrb) [199

] [200

]
\tf@nav=\write6
\openout6 = `Chapter8.nav'.

\tf@toc=\write7
\openout7 = `Chapter8.toc'.

\tf@snm=\write8
\openout8 = `Chapter8.snm'.

Package atveryend Info: Empty hook `BeforeClearDocument' on input line 2675.
Package atveryend Info: Empty hook `AfterLastShipout' on input line 2675.
 (Chapter8.aux)
Package atveryend Info: Empty hook `AtVeryEndDocument' on input line 2675.
Package atveryend Info: Empty hook `AtEndAfterFileList' on input line 2675.
 ) 
Here is how much of TeX's memory you used:
 37120 strings out of 427836
 738674 string characters out of 3152669
 995330 words of memory out of 3000000
 40066 multiletter control sequences out of 15000+200000
 536821 words of font info for 75 fonts, out of 3000000 for 9000
 1328 hyphenation exceptions out of 8191
 62i,13n,75p,808b,1756s stack positions out of 5000i,500n,10000p,200000b,50000s

Output written on Chapter8.pdf (200 pages).
